#
# There is insufficient memory for the Java Runtime Environment to continue.
# Native memory allocation (malloc) failed to allocate 2065872 bytes. Error detail: Chunk::new
# Possible reasons:
#   The system is out of physical RAM or swap space
#   This process is running with CompressedOops enabled, and the Java Heap may be blocking the growth of the native heap
# Possible solutions:
#   Reduce memory load on the system
#   Increase physical memory or swap space
#   Check if swap backing store is full
#   Decrease Java heap size (-Xmx/-Xms)
#   Decrease number of Java threads
#   Decrease Java thread stack sizes (-Xss)
#   Set larger code cache with -XX:ReservedCodeCacheSize=
#   JVM is running with Zero Based Compressed Oops mode in which the Java heap is
#     placed in the first 32GB address space. The Java Heap base address is the
#     maximum limit for the native heap growth. Please use -XX:HeapBaseMinAddress
#     to set the Java Heap base and to place the Java Heap above 32GB virtual address.
# This output file may be truncated or incomplete.
#
#  Out of Memory Error (arena.cpp:162), pid=12352, tid=14980
#
# JRE version: OpenJDK Runtime Environment (24.0.1+9) (build 24.0.1+9-30)
# Java VM: OpenJDK 64-Bit Server VM (24.0.1+9-30, mixed mode, sharing, tiered, compressed oops, compressed class ptrs, g1 gc, windows-amd64)
# No core dump will be written. Minidumps are not enabled by default on client versions of Windows
#

---------------  S U M M A R Y ------------

Command Line: -javaagent:C:\Users\semicolon\AppData\Local\JetBrains\IntelliJIdea2025.1\captureAgent\debugger-agent.jar=file:///C:/Users/SEMICO~1/AppData/Local/Temp/capture2287774474115387196.props -ea -Didea.test.cyclic.buffer.size=1048576 -javaagent:C:\Program Files\JetBrains\IntelliJ IDEA 2025.1\lib\idea_rt.jar=59001 -Dkotlinx.coroutines.debug.enable.creation.stack.trace=false -Ddebugger.agent.enable.coroutines=true -Dkotlinx.coroutines.debug.enable.flows.stack.trace=true -Dkotlinx.coroutines.debug.enable.mutable.state.flows.stack.trace=true -Dfile.encoding=UTF-8 -Dsun.stdout.encoding=UTF-8 -Dsun.stderr.encoding=UTF-8 com.intellij.rt.junit.JUnitStarter -ideVersion5 -junit5 dev.litebank.service.AccountServiceTest,testGenerateAccountNumber

Host: Intel(R) Core(TM) i7-6600U CPU @ 2.60GHz, 4 cores, 15G,  Windows 10 , 64 bit Build 19041 (10.0.19041.5915)
Time: Wed Aug 27 08:58:06 2025 Central Daylight Time elapsed time: 15.334244 seconds (0d 0h 0m 15s)

---------------  T H R E A D  ---------------

Current thread (0x00000176acb0b1e0):  JavaThread "C2 CompilerThread0" daemon [_thread_in_native, id=14980, stack(0x0000005c25e00000,0x0000005c25f00000) (1024K)]


Current CompileTask:
C2:15334 6123       4       java.io.DataInputStream::readFully (59 bytes)

Stack: [0x0000005c25e00000,0x0000005c25f00000]
Native frames: (J=compiled Java code, j=interpreted, Vv=VM code, C=native code)
V  [jvm.dll+0x730739]  (no source info available)
V  [jvm.dll+0x8d9b23]  (no source info available)
V  [jvm.dll+0x8dc00d]  (no source info available)
V  [jvm.dll+0x8dc683]  (no source info available)
V  [jvm.dll+0x2aa086]  (no source info available)
V  [jvm.dll+0xcedef]  (no source info available)
V  [jvm.dll+0xcf04f]  (no source info available)
V  [jvm.dll+0x154d83]  (no source info available)
V  [jvm.dll+0x735f5f]  (no source info available)
V  [jvm.dll+0x26fa1c]  (no source info available)
V  [jvm.dll+0x26ea3f]  (no source info available)
V  [jvm.dll+0x1e9d60]  (no source info available)
V  [jvm.dll+0x27e1fb]  (no source info available)
V  [jvm.dll+0x27c49a]  (no source info available)
V  [jvm.dll+0x42f456]  (no source info available)
V  [jvm.dll+0x87d76b]  (no source info available)
V  [jvm.dll+0x72ee55]  (no source info available)
C  [ucrtbase.dll+0x21bb2]  (no source info available)
C  [KERNEL32.DLL+0x17374]  (no source info available)
C  [ntdll.dll+0x4cc91]  (no source info available)

Lock stack of current Java thread (top to bottom):


---------------  P R O C E S S  ---------------

Threads class SMR info:
_java_thread_list=0x00000176f938ccc0, length=21, elements={
0x000001768bad59a0, 0x00000176acb01460, 0x00000176acb03320, 0x00000176acb041d0,
0x00000176acb06d10, 0x00000176acb07840, 0x00000176acb08370, 0x00000176acb0b1e0,
0x00000176acb12020, 0x00000176acca93a0, 0x00000176acdada70, 0x00000176ace9d500,
0x00000176acec2440, 0x00000176f324f380, 0x00000176f3250220, 0x00000176f324ec30,
0x00000176f324fad0, 0x00000176f6c5e760, 0x00000176f6c5f600, 0x00000176f6c60bf0,
0x00000176f60a61b0
}

Java Threads: ( => current thread )
  0x000001768bad59a0 JavaThread "main"                              [_thread_in_Java, id=23900, stack(0x0000005c25000000,0x0000005c25100000) (1024K)]
  0x00000176acb01460 JavaThread "Reference Handler"          daemon [_thread_blocked, id=7796, stack(0x0000005c25800000,0x0000005c25900000) (1024K)]
  0x00000176acb03320 JavaThread "Finalizer"                  daemon [_thread_blocked, id=13096, stack(0x0000005c25900000,0x0000005c25a00000) (1024K)]
  0x00000176acb041d0 JavaThread "Signal Dispatcher"          daemon [_thread_blocked, id=7760, stack(0x0000005c25a00000,0x0000005c25b00000) (1024K)]
  0x00000176acb06d10 JavaThread "Attach Listener"            daemon [_thread_blocked, id=22812, stack(0x0000005c25b00000,0x0000005c25c00000) (1024K)]
  0x00000176acb07840 JavaThread "Service Thread"             daemon [_thread_blocked, id=24256, stack(0x0000005c25c00000,0x0000005c25d00000) (1024K)]
  0x00000176acb08370 JavaThread "Monitor Deflation Thread"   daemon [_thread_blocked, id=21552, stack(0x0000005c25d00000,0x0000005c25e00000) (1024K)]
=>0x00000176acb0b1e0 JavaThread "C2 CompilerThread0"         daemon [_thread_in_native, id=14980, stack(0x0000005c25e00000,0x0000005c25f00000) (1024K)]
  0x00000176acb12020 JavaThread "C1 CompilerThread0"         daemon [_thread_blocked, id=16416, stack(0x0000005c25f00000,0x0000005c26000000) (1024K)]
  0x00000176acca93a0 JavaThread "Common-Cleaner"             daemon [_thread_blocked, id=1608, stack(0x0000005c26000000,0x0000005c26100000) (1024K)]
  0x00000176acdada70 JavaThread "IntelliJ Suspend Helper"    daemon [_thread_blocked, id=20416, stack(0x0000005c26200000,0x0000005c26300000) (1024K)]
  0x00000176ace9d500 JavaThread "Monitor Ctrl-Break"         daemon [_thread_in_native, id=17068, stack(0x0000005c26300000,0x0000005c26400000) (1024K)]
  0x00000176acec2440 JavaThread "Notification Thread"        daemon [_thread_blocked, id=16380, stack(0x0000005c26400000,0x0000005c26500000) (1024K)]
  0x00000176f324f380 JavaThread "RMI TCP Accept-0"           daemon [_thread_in_native, id=19652, stack(0x0000005c26800000,0x0000005c26900000) (1024K)]
  0x00000176f3250220 JavaThread "RMI TCP Connection(1)-172.16.0.145" daemon [_thread_in_native, id=18068, stack(0x0000005c26900000,0x0000005c26a00000) (1024K)]
  0x00000176f324ec30 JavaThread "RMI Scheduler(0)"           daemon [_thread_blocked, id=18252, stack(0x0000005c26a00000,0x0000005c26b00000) (1024K)]
  0x00000176f324fad0 JavaThread "JMX server connection timeout 33" daemon [_thread_blocked, id=15232, stack(0x0000005c26b00000,0x0000005c26c00000) (1024K)]
  0x00000176f6c5e760 JavaThread "PostgreSQL-JDBC-Cleaner"    daemon [_thread_blocked, id=4336, stack(0x0000005c26d00000,0x0000005c26e00000) (1024K)]
  0x00000176f6c5f600 JavaThread "HikariPool-1:housekeeper"   daemon [_thread_blocked, id=22136, stack(0x0000005c26e00000,0x0000005c26f00000) (1024K)]
  0x00000176f6c60bf0 JavaThread "HikariPool-1:connection-adder" daemon [_thread_blocked, id=23368, stack(0x0000005c26f00000,0x0000005c27000000) (1024K)]
  0x00000176f60a61b0 JavaThread "C2 CompilerThread1"         daemon [_thread_in_native, id=23740, stack(0x0000005c26c00000,0x0000005c26d00000) (1024K)]
Total: 21

Other Threads:
  0x00000176acaee120 VMThread "VM Thread"                           [id=9672, stack(0x0000005c25700000,0x0000005c25800000) (1024K)]
  0x00000176acae21f0 WatcherThread "VM Periodic Task Thread"        [id=20168, stack(0x0000005c25600000,0x0000005c25700000) (1024K)]
  0x000001768dcf00b0 WorkerThread "GC Thread#0"                     [id=8888, stack(0x0000005c25100000,0x0000005c25200000) (1024K)]
  0x00000176f3249310 WorkerThread "GC Thread#1"                     [id=17632, stack(0x0000005c26500000,0x0000005c26600000) (1024K)]
  0x00000176f3471ac0 WorkerThread "GC Thread#2"                     [id=23644, stack(0x0000005c26600000,0x0000005c26700000) (1024K)]
  0x00000176f3471e70 WorkerThread "GC Thread#3"                     [id=22172, stack(0x0000005c26700000,0x0000005c26800000) (1024K)]
  0x000001768dd5bce0 ConcurrentGCThread "G1 Main Marker"            [id=21728, stack(0x0000005c25200000,0x0000005c25300000) (1024K)]
  0x000001768dd5c700 WorkerThread "G1 Conc#0"                       [id=128, stack(0x0000005c25300000,0x0000005c25400000) (1024K)]
  0x000001768dd8e770 ConcurrentGCThread "G1 Refine#0"               [id=22464, stack(0x0000005c25400000,0x0000005c25500000) (1024K)]
  0x00000176ac9b57f0 ConcurrentGCThread "G1 Service"                [id=18696, stack(0x0000005c25500000,0x0000005c25600000) (1024K)]
Total: 10

Threads with active compile tasks:
C2 CompilerThread0  15452 6123       4       java.io.DataInputStream::readFully (59 bytes)
C2 CompilerThread1  15452 6137       4       org.antlr.v4.runtime.atn.ParserATNSimulator::closure_ (343 bytes)
Total: 2

VM state: not at safepoint (normal execution)

VM Mutex/Monitor currently owned by a thread: None

Heap address: 0x0000000701c00000, size: 4068 MB, Compressed Oops mode: Zero based, Oop shift amount: 3

CDS archive(s) mapped at: [0x00000176ad000000-0x00000176add40000-0x00000176add40000), size 13893632, SharedBaseAddress: 0x00000176ad000000, ArchiveRelocationMode: 1.
Compressed class space mapped at: 0x00000176ae000000-0x00000176ee000000, reserved size: 1073741824
UseCompressedClassPointers 1, UseCompactObjectHeaders 0
Narrow klass pointer bits 32, Max shift 3
Narrow klass base: 0x00000176ad000000, Narrow klass shift: 0
Encoding Range: [0x00000176ad000000 - 0x00000177ad000000), (4294967296 bytes)
Klass Range:    [0x00000176ad000000 - 0x00000176ee000000), (1090519040 bytes)
Klass ID Range:  [8 - 1090519033) (1090519025)

GC Precious Log:
 CardTable entry size: 512
 Card Set container configuration: InlinePtr #cards 4 size 8 Array Of Cards #cards 16 size 48 Howl #buckets 8 coarsen threshold 3686 Howl Bitmap #cards 512 size 80 coarsen threshold 460 Card regions per heap region 1 cards per card region 4096
 CPUs: 4 total, 4 available
 Memory: 16267M
 Large Page Support: Disabled
 NUMA Support: Disabled
 Compressed Oops: Enabled (Zero based)
 Heap Region Size: 2M
 Heap Min Capacity: 8M
 Heap Initial Capacity: 256M
 Heap Max Capacity: 4068M
 Pre-touch: Disabled
 Parallel Workers: 4
 Concurrent Workers: 1
 Concurrent Refinement Workers: 4
 Periodic GC: Disabled

Heap:
 garbage-first heap   total reserved 4165632K, committed 102400K, used 40791K [0x0000000701c00000, 0x0000000800000000)
  region size 2048K, 11 young (22528K), 4 survivors (8192K)
 Metaspace       used 69994K, committed 70528K, reserved 1114112K
  class space    used 7732K, committed 7936K, reserved 1048576K

Heap Regions: E=young(eden), S=young(survivor), O=old, HS=humongous(starts), HC=humongous(continues), CS=collection set, F=free, TAMS=top-at-mark-start, PB=parsable bottom
|   0|0x0000000701c00000, 0x0000000701e00000, 0x0000000701e00000|100%| O|  |TAMS 0x0000000701c00000| PB 0x0000000701c00000| Untracked |  0
|   1|0x0000000701e00000, 0x0000000702000000, 0x0000000702000000|100%| O|  |TAMS 0x0000000701e00000| PB 0x0000000701e00000| Untracked |  0
|   2|0x0000000702000000, 0x0000000702107e58, 0x0000000702200000| 51%| O|  |TAMS 0x0000000702000000| PB 0x0000000702000000| Untracked |  0
|   3|0x0000000702200000, 0x0000000702400000, 0x0000000702400000|100%| O|Cm|TAMS 0x0000000702200000| PB 0x0000000702200000| Complete |  0
|   4|0x0000000702400000, 0x0000000702600000, 0x0000000702600000|100%| O|  |TAMS 0x0000000702400000| PB 0x0000000702400000| Untracked |  0
|   5|0x0000000702600000, 0x0000000702800000, 0x0000000702800000|100%| O|  |TAMS 0x0000000702600000| PB 0x0000000702600000| Untracked |  0
|   6|0x0000000702800000, 0x0000000702a00000, 0x0000000702a00000|100%| O|  |TAMS 0x0000000702800000| PB 0x0000000702800000| Untracked |  0
|   7|0x0000000702a00000, 0x0000000702c00000, 0x0000000702c00000|100%| O|  |TAMS 0x0000000702a00000| PB 0x0000000702a00000| Untracked |  0
|   8|0x0000000702c00000, 0x0000000702e00000, 0x0000000702e00000|100%| O|  |TAMS 0x0000000702c00000| PB 0x0000000702c00000| Untracked |  0
|   9|0x0000000702e00000, 0x0000000703000000, 0x0000000703000000|100%| O|  |TAMS 0x0000000702e00000| PB 0x0000000702e00000| Untracked |  0
|  10|0x0000000703000000, 0x0000000703200000, 0x0000000703200000|100%| O|  |TAMS 0x0000000703000000| PB 0x0000000703000000| Untracked |  0
|  11|0x0000000703200000, 0x0000000703400000, 0x0000000703400000|100%| O|  |TAMS 0x0000000703200000| PB 0x0000000703200000| Untracked |  0
|  12|0x0000000703400000, 0x0000000703472b00, 0x0000000703600000| 22%| O|  |TAMS 0x0000000703400000| PB 0x0000000703400000| Untracked |  0
|  13|0x0000000703600000, 0x0000000703600000, 0x0000000703800000|  0%| F|  |TAMS 0x0000000703600000| PB 0x0000000703600000| Untracked |  0
|  14|0x0000000703800000, 0x0000000703800000, 0x0000000703a00000|  0%| F|  |TAMS 0x0000000703800000| PB 0x0000000703800000| Untracked |  0
|  15|0x0000000703a00000, 0x0000000703a00000, 0x0000000703c00000|  0%| F|  |TAMS 0x0000000703a00000| PB 0x0000000703a00000| Untracked |  0
|  16|0x0000000703c00000, 0x0000000703c5b4a8, 0x0000000703e00000| 17%| S|CS|TAMS 0x0000000703c00000| PB 0x0000000703c00000| Complete |  0
|  17|0x0000000703e00000, 0x0000000704000000, 0x0000000704000000|100%| S|CS|TAMS 0x0000000703e00000| PB 0x0000000703e00000| Complete |  0
|  18|0x0000000704000000, 0x0000000704200000, 0x0000000704200000|100%| S|CS|TAMS 0x0000000704000000| PB 0x0000000704000000| Complete |  0
|  19|0x0000000704200000, 0x0000000704400000, 0x0000000704400000|100%| S|CS|TAMS 0x0000000704200000| PB 0x0000000704200000| Complete |  0
|  20|0x0000000704400000, 0x0000000704400000, 0x0000000704600000|  0%| F|  |TAMS 0x0000000704400000| PB 0x0000000704400000| Untracked |  0
|  21|0x0000000704600000, 0x0000000704600000, 0x0000000704800000|  0%| F|  |TAMS 0x0000000704600000| PB 0x0000000704600000| Untracked |  0
|  22|0x0000000704800000, 0x0000000704800000, 0x0000000704a00000|  0%| F|  |TAMS 0x0000000704800000| PB 0x0000000704800000| Untracked |  0
|  23|0x0000000704a00000, 0x0000000704a00000, 0x0000000704c00000|  0%| F|  |TAMS 0x0000000704a00000| PB 0x0000000704a00000| Untracked |  0
|  24|0x0000000704c00000, 0x0000000704c00000, 0x0000000704e00000|  0%| F|  |TAMS 0x0000000704c00000| PB 0x0000000704c00000| Untracked |  0
|  25|0x0000000704e00000, 0x0000000704e00000, 0x0000000705000000|  0%| F|  |TAMS 0x0000000704e00000| PB 0x0000000704e00000| Untracked |  0
|  26|0x0000000705000000, 0x0000000705000000, 0x0000000705200000|  0%| F|  |TAMS 0x0000000705000000| PB 0x0000000705000000| Untracked |  0
|  27|0x0000000705200000, 0x0000000705200000, 0x0000000705400000|  0%| F|  |TAMS 0x0000000705200000| PB 0x0000000705200000| Untracked |  0
|  28|0x0000000705400000, 0x0000000705400000, 0x0000000705600000|  0%| F|  |TAMS 0x0000000705400000| PB 0x0000000705400000| Untracked |  0
|  29|0x0000000705600000, 0x0000000705600000, 0x0000000705800000|  0%| F|  |TAMS 0x0000000705600000| PB 0x0000000705600000| Untracked |  0
|  30|0x0000000705800000, 0x0000000705800000, 0x0000000705a00000|  0%| F|  |TAMS 0x0000000705800000| PB 0x0000000705800000| Untracked |  0
|  31|0x0000000705a00000, 0x0000000705a00000, 0x0000000705c00000|  0%| F|  |TAMS 0x0000000705a00000| PB 0x0000000705a00000| Untracked |  0
|  32|0x0000000705c00000, 0x0000000705c00000, 0x0000000705e00000|  0%| F|  |TAMS 0x0000000705c00000| PB 0x0000000705c00000| Untracked |  0
|  33|0x0000000705e00000, 0x0000000705e00000, 0x0000000706000000|  0%| F|  |TAMS 0x0000000705e00000| PB 0x0000000705e00000| Untracked |  0
|  34|0x0000000706000000, 0x0000000706000000, 0x0000000706200000|  0%| F|  |TAMS 0x0000000706000000| PB 0x0000000706000000| Untracked |  0
|  35|0x0000000706200000, 0x0000000706200000, 0x0000000706400000|  0%| F|  |TAMS 0x0000000706200000| PB 0x0000000706200000| Untracked |  0
|  36|0x0000000706400000, 0x0000000706400000, 0x0000000706600000|  0%| F|  |TAMS 0x0000000706400000| PB 0x0000000706400000| Untracked |  0
|  37|0x0000000706600000, 0x0000000706600000, 0x0000000706800000|  0%| F|  |TAMS 0x0000000706600000| PB 0x0000000706600000| Untracked |  0
|  38|0x0000000706800000, 0x0000000706800000, 0x0000000706a00000|  0%| F|  |TAMS 0x0000000706800000| PB 0x0000000706800000| Untracked |  0
|  39|0x0000000706a00000, 0x0000000706a00000, 0x0000000706c00000|  0%| F|  |TAMS 0x0000000706a00000| PB 0x0000000706a00000| Untracked |  0
|  40|0x0000000706c00000, 0x0000000706c00000, 0x0000000706e00000|  0%| F|  |TAMS 0x0000000706c00000| PB 0x0000000706c00000| Untracked |  0
|  41|0x0000000706e00000, 0x0000000706e00000, 0x0000000707000000|  0%| F|  |TAMS 0x0000000706e00000| PB 0x0000000706e00000| Untracked |  0
|  42|0x0000000707000000, 0x00000007070faf10, 0x0000000707200000| 49%| E|  |TAMS 0x0000000707000000| PB 0x0000000707000000| Complete |  0
|  43|0x0000000707200000, 0x0000000707400000, 0x0000000707400000|100%| E|CS|TAMS 0x0000000707200000| PB 0x0000000707200000| Complete |  0
|  44|0x0000000707400000, 0x0000000707600000, 0x0000000707600000|100%| E|CS|TAMS 0x0000000707400000| PB 0x0000000707400000| Complete |  0
|  45|0x0000000707600000, 0x0000000707800000, 0x0000000707800000|100%| E|CS|TAMS 0x0000000707600000| PB 0x0000000707600000| Complete |  0
|  56|0x0000000708c00000, 0x0000000708e00000, 0x0000000708e00000|100%| E|CS|TAMS 0x0000000708c00000| PB 0x0000000708c00000| Complete |  0
|  57|0x0000000708e00000, 0x0000000709000000, 0x0000000709000000|100%| E|  |TAMS 0x0000000708e00000| PB 0x0000000708e00000| Complete |  0
|  58|0x0000000709000000, 0x0000000709200000, 0x0000000709200000|100%| E|CS|TAMS 0x0000000709000000| PB 0x0000000709000000| Complete |  0
|2033|0x00000007ffe00000, 0x0000000800000000, 0x0000000800000000|100%| E|CS|TAMS 0x00000007ffe00000| PB 0x00000007ffe00000| Complete |  0

Card table byte_map: [0x00000176a5d70000,0x00000176a6570000] _byte_map_base: 0x00000176a2562000

Marking Bits: (CMBitMap*) 0x000001768dd475d0
 Bits: [0x00000176a6570000, 0x00000176aa500000)

Polling page: 0x000001768bcc0000

Metaspace:

Usage:
  Non-class:     60.80 MB used.
      Class:      7.55 MB used.
       Both:     68.35 MB used.

Virtual space:
  Non-class space:       64.00 MB reserved,      61.12 MB ( 96%) committed,  1 nodes.
      Class space:        1.00 GB reserved,       7.75 MB ( <1%) committed,  1 nodes.
             Both:        1.06 GB reserved,      68.88 MB (  6%) committed. 

Chunk freelists:
   Non-Class:  2.76 MB
       Class:  8.29 MB
        Both:  11.05 MB

MaxMetaspaceSize: unlimited
CompressedClassSpaceSize: 1.00 GB
Initial GC threshold: 21.00 MB
Current GC threshold: 98.38 MB
CDS: on
 - commit_granule_bytes: 65536.
 - commit_granule_words: 8192.
 - virtual_space_node_default_size: 8388608.
 - enlarge_chunks_in_place: 1.
UseCompressedClassPointers 1, UseCompactObjectHeaders 0
Narrow klass pointer bits 32, Max shift 3
Narrow klass base: 0x00000176ad000000, Narrow klass shift: 0
Encoding Range: [0x00000176ad000000 - 0x00000177ad000000), (4294967296 bytes)
Klass Range:    [0x00000176ad000000 - 0x00000176ee000000), (1090519040 bytes)
Klass ID Range:  [8 - 1090519033) (1090519025)


Internal statistics:

num_allocs_failed_limit: 9.
num_arena_births: 626.
num_arena_deaths: 0.
num_vsnodes_births: 2.
num_vsnodes_deaths: 0.
num_space_committed: 1102.
num_space_uncommitted: 0.
num_chunks_returned_to_freelist: 9.
num_chunks_taken_from_freelist: 2818.
num_chunk_merges: 9.
num_chunk_splits: 2076.
num_chunks_enlarged: 1727.
num_inconsistent_stats: 0.

CodeHeap 'non-profiled nmethods': size=120064Kb used=2920Kb max_used=2920Kb free=117143Kb
 bounds [0x000001769e030000, 0x000001769e310000, 0x00000176a5570000]
CodeHeap 'profiled nmethods': size=120000Kb used=9392Kb max_used=9392Kb free=110607Kb
 bounds [0x0000017696570000, 0x0000017696ea0000, 0x000001769daa0000]
CodeHeap 'non-nmethods': size=5696Kb used=1541Kb max_used=1626Kb free=4154Kb
 bounds [0x000001769daa0000, 0x000001769dd10000, 0x000001769e030000]
CodeCache: size=245760Kb, used=13853Kb, max_used=13938Kb, free=231904Kb
 total_blobs=6187, nmethods=5488, adapters=602, full_count=0
Compilation: enabled, stopped_count=0, restarted_count=0

Compilation events (20 events):
Event: 15.138 Thread 0x00000176acb12020 nmethod 6118 0x0000017696e94b88 code [0x0000017696e94d40, 0x0000017696e95538]
Event: 15.144 Thread 0x00000176f60a61b0 nmethod 6113 0x000001769e304f88 code [0x000001769e3050a0, 0x000001769e305398]
Event: 15.144 Thread 0x00000176f60a61b0 6119       4       org.antlr.v4.runtime.atn.ATNDeserializer::edgeFactory (306 bytes)
Event: 15.164 Thread 0x00000176f60a61b0 nmethod 6119 0x000001769e305408 code [0x000001769e305600, 0x000001769e306590]
Event: 15.164 Thread 0x00000176f60a61b0 6120   !   4       java.util.zip.InflaterInputStream::read (129 bytes)
Event: 15.168 Thread 0x00000176acb0b1e0 nmethod 6114 0x000001769e306688 code [0x000001769e306920, 0x000001769e308bd0]
Event: 15.169 Thread 0x00000176acb0b1e0 6115       4       org.antlr.v4.runtime.atn.ATN::addState (34 bytes)
Event: 15.175 Thread 0x00000176acb0b1e0 nmethod 6115 0x000001769e308d08 code [0x000001769e308e60, 0x000001769e309688]
Event: 15.175 Thread 0x00000176f60a61b0 nmethod 6120 0x000001769e309708 code [0x000001769e3098a0, 0x000001769e30a1e8]
Event: 15.294 Thread 0x00000176acb12020 6121   !   3       sun.nio.ch.NioSocketImpl::tryRead (87 bytes)
Event: 15.294 Thread 0x00000176acb12020 nmethod 6121 0x0000017696e95588 code [0x0000017696e95720, 0x0000017696e95ca8]
Event: 15.294 Thread 0x00000176acb12020 6122       3       sun.nio.ch.SocketDispatcher::read (8 bytes)
Event: 15.295 Thread 0x00000176acb12020 nmethod 6122 0x0000017696e95d08 code [0x0000017696e95e20, 0x0000017696e95f58]
Event: 15.296 Thread 0x00000176acb0b1e0 6123       4       java.io.DataInputStream::readFully (59 bytes)
Event: 15.297 Thread 0x00000176acb12020 6124       3       java.io.ObjectOutputStream$BlockDataOutputStream::writeLong (48 bytes)
Event: 15.298 Thread 0x00000176acb12020 nmethod 6124 0x0000017696e96008 code [0x0000017696e96160, 0x0000017696e965f8]
Event: 15.298 Thread 0x00000176acb12020 6126   !   3       java.io.ObjectOutputStream::writeSerialData (223 bytes)
Event: 15.299 Thread 0x00000176acb12020 nmethod 6126 0x0000017696e96688 code [0x0000017696e968c0, 0x0000017696e97cc8]
Event: 15.300 Thread 0x00000176acb12020 6125       3       java.io.ObjectStreamClass::checkSerialize (20 bytes)
Event: 15.300 Thread 0x00000176acb12020 nmethod 6125 0x0000017696e97d88 code [0x0000017696e97ee0, 0x0000017696e982e8]

GC Heap History (20 events):
Event: 3.670 GC heap before
{Heap before GC invocations=1 (full 0):
 garbage-first heap   total reserved 4165632K, committed 264192K, used 70131K [0x0000000701c00000, 0x0000000800000000)
  region size 2048K, 32 young (65536K), 2 survivors (4096K)
 Metaspace       used 21209K, committed 21504K, reserved 1114112K
  class space    used 2125K, committed 2240K, reserved 1048576K
}
Event: 3.682 GC heap after
{Heap after GC invocations=2 (full 0):
 garbage-first heap   total reserved 4165632K, committed 264192K, used 14909K [0x0000000701c00000, 0x0000000800000000)
  region size 2048K, 5 young (10240K), 5 survivors (10240K)
 Metaspace       used 21209K, committed 21504K, reserved 1114112K
  class space    used 2125K, committed 2240K, reserved 1048576K
}
Event: 4.422 GC heap before
{Heap before GC invocations=3 (full 0):
 garbage-first heap   total reserved 4165632K, committed 61440K, used 41533K [0x0000000701c00000, 0x0000000800000000)
  region size 2048K, 18 young (36864K), 5 survivors (10240K)
 Metaspace       used 26971K, committed 27264K, reserved 1114112K
  class space    used 2722K, committed 2816K, reserved 1048576K
}
Event: 4.433 GC heap after
{Heap after GC invocations=4 (full 0):
 garbage-first heap   total reserved 4165632K, committed 61440K, used 16536K [0x0000000701c00000, 0x0000000800000000)
  region size 2048K, 1 young (2048K), 1 survivors (2048K)
 Metaspace       used 26971K, committed 27264K, reserved 1114112K
  class space    used 2722K, committed 2816K, reserved 1048576K
}
Event: 5.106 GC heap before
{Heap before GC invocations=4 (full 0):
 garbage-first heap   total reserved 4165632K, committed 61440K, used 41112K [0x0000000701c00000, 0x0000000800000000)
  region size 2048K, 13 young (26624K), 1 survivors (2048K)
 Metaspace       used 31574K, committed 32000K, reserved 1114112K
  class space    used 3148K, committed 3328K, reserved 1048576K
}
Event: 5.118 GC heap after
{Heap after GC invocations=5 (full 0):
 garbage-first heap   total reserved 4165632K, committed 61440K, used 18668K [0x0000000701c00000, 0x0000000800000000)
  region size 2048K, 2 young (4096K), 2 survivors (4096K)
 Metaspace       used 31574K, committed 32000K, reserved 1114112K
  class space    used 3148K, committed 3328K, reserved 1048576K
}
Event: 6.257 GC heap before
{Heap before GC invocations=5 (full 0):
 garbage-first heap   total reserved 4165632K, committed 61440K, used 43244K [0x0000000701c00000, 0x0000000800000000)
  region size 2048K, 14 young (28672K), 2 survivors (4096K)
 Metaspace       used 34219K, committed 34624K, reserved 1114112K
  class space    used 3414K, committed 3584K, reserved 1048576K
}
Event: 6.267 GC heap after
{Heap after GC invocations=6 (full 0):
 garbage-first heap   total reserved 4165632K, committed 61440K, used 20791K [0x0000000701c00000, 0x0000000800000000)
  region size 2048K, 2 young (4096K), 2 survivors (4096K)
 Metaspace       used 34219K, committed 34624K, reserved 1114112K
  class space    used 3414K, committed 3584K, reserved 1048576K
}
Event: 6.846 GC heap before
{Heap before GC invocations=6 (full 0):
 garbage-first heap   total reserved 4165632K, committed 61440K, used 31031K [0x0000000701c00000, 0x0000000800000000)
  region size 2048K, 8 young (16384K), 2 survivors (4096K)
 Metaspace       used 35629K, committed 35968K, reserved 1114112K
  class space    used 3577K, committed 3712K, reserved 1048576K
}
Event: 6.856 GC heap after
{Heap after GC invocations=7 (full 0):
 garbage-first heap   total reserved 4165632K, committed 61440K, used 21359K [0x0000000701c00000, 0x0000000800000000)
  region size 2048K, 1 young (2048K), 1 survivors (2048K)
 Metaspace       used 35629K, committed 35968K, reserved 1114112K
  class space    used 3577K, committed 3712K, reserved 1048576K
}
Event: 8.170 GC heap before
{Heap before GC invocations=8 (full 0):
 garbage-first heap   total reserved 4165632K, committed 61440K, used 43887K [0x0000000701c00000, 0x0000000800000000)
  region size 2048K, 13 young (26624K), 1 survivors (2048K)
 Metaspace       used 38923K, committed 39360K, reserved 1114112K
  class space    used 4000K, committed 4224K, reserved 1048576K
}
Event: 8.181 GC heap after
{Heap after GC invocations=9 (full 0):
 garbage-first heap   total reserved 4165632K, committed 61440K, used 23360K [0x0000000701c00000, 0x0000000800000000)
  region size 2048K, 2 young (4096K), 2 survivors (4096K)
 Metaspace       used 38923K, committed 39360K, reserved 1114112K
  class space    used 4000K, committed 4224K, reserved 1048576K
}
Event: 9.317 GC heap before
{Heap before GC invocations=9 (full 0):
 garbage-first heap   total reserved 4165632K, committed 61440K, used 45888K [0x0000000701c00000, 0x0000000800000000)
  region size 2048K, 14 young (28672K), 2 survivors (4096K)
 Metaspace       used 44321K, committed 44800K, reserved 1114112K
  class space    used 4545K, committed 4736K, reserved 1048576K
}
Event: 9.331 GC heap after
{Heap after GC invocations=10 (full 0):
 garbage-first heap   total reserved 4165632K, committed 61440K, used 24214K [0x0000000701c00000, 0x0000000800000000)
  region size 2048K, 1 young (2048K), 1 survivors (2048K)
 Metaspace       used 44321K, committed 44800K, reserved 1114112K
  class space    used 4545K, committed 4736K, reserved 1048576K
}
Event: 10.686 GC heap before
{Heap before GC invocations=10 (full 0):
 garbage-first heap   total reserved 4165632K, committed 61440K, used 46742K [0x0000000701c00000, 0x0000000800000000)
  region size 2048K, 13 young (26624K), 1 survivors (2048K)
 Metaspace       used 50316K, committed 50816K, reserved 1114112K
  class space    used 5175K, committed 5376K, reserved 1048576K
}
Event: 10.696 GC heap after
{Heap after GC invocations=11 (full 0):
 garbage-first heap   total reserved 4165632K, committed 161792K, used 25445K [0x0000000701c00000, 0x0000000800000000)
  region size 2048K, 2 young (4096K), 2 survivors (4096K)
 Metaspace       used 50316K, committed 50816K, reserved 1114112K
  class space    used 5175K, committed 5376K, reserved 1048576K
}
Event: 12.503 GC heap before
{Heap before GC invocations=11 (full 0):
 garbage-first heap   total reserved 4165632K, committed 161792K, used 62309K [0x0000000701c00000, 0x0000000800000000)
  region size 2048K, 22 young (45056K), 2 survivors (4096K)
 Metaspace       used 59613K, committed 60096K, reserved 1114112K
  class space    used 6176K, committed 6400K, reserved 1048576K
}
Event: 12.513 GC heap after
{Heap after GC invocations=12 (full 0):
 garbage-first heap   total reserved 4165632K, committed 161792K, used 27501K [0x0000000701c00000, 0x0000000800000000)
  region size 2048K, 3 young (6144K), 3 survivors (6144K)
 Metaspace       used 59613K, committed 60096K, reserved 1114112K
  class space    used 6176K, committed 6400K, reserved 1048576K
}
Event: 14.861 GC heap before
{Heap before GC invocations=13 (full 0):
 garbage-first heap   total reserved 4165632K, committed 102400K, used 82797K [0x0000000701c00000, 0x0000000800000000)
  region size 2048K, 30 young (61440K), 3 survivors (6144K)
 Metaspace       used 68158K, committed 68672K, reserved 1114112K
  class space    used 7343K, committed 7552K, reserved 1048576K
}
Event: 14.883 GC heap after
{Heap after GC invocations=14 (full 0):
 garbage-first heap   total reserved 4165632K, committed 102400K, used 30551K [0x0000000701c00000, 0x0000000800000000)
  region size 2048K, 4 young (8192K), 4 survivors (8192K)
 Metaspace       used 68158K, committed 68672K, reserved 1114112K
  class space    used 7343K, committed 7552K, reserved 1048576K
}

Dll operation events (13 events):
Event: 0.021 Loaded shared library C:\Users\semicolon\.jdks\openjdk-24.0.1\bin\java.dll
Event: 0.023 Loaded shared library C:\Users\semicolon\.jdks\openjdk-24.0.1\bin\zip.dll
Event: 0.160 Loaded shared library C:\Users\semicolon\.jdks\openjdk-24.0.1\bin\jsvml.dll
Event: 0.318 Loaded shared library C:\Users\semicolon\.jdks\openjdk-24.0.1\bin\instrument.dll
Event: 0.467 Loaded shared library C:\Users\semicolon\.jdks\openjdk-24.0.1\bin\net.dll
Event: 0.469 Loaded shared library C:\Users\semicolon\.jdks\openjdk-24.0.1\bin\nio.dll
Event: 0.482 Loaded shared library C:\Users\semicolon\.jdks\openjdk-24.0.1\bin\zip.dll
Event: 0.595 Loaded shared library C:\Users\semicolon\.jdks\openjdk-24.0.1\bin\jimage.dll
Event: 0.686 Loaded shared library C:\Users\semicolon\.jdks\openjdk-24.0.1\bin\extnet.dll
Event: 0.843 Loaded shared library C:\Users\semicolon\.jdks\openjdk-24.0.1\bin\management.dll
Event: 0.864 Loaded shared library C:\Users\semicolon\.jdks\openjdk-24.0.1\bin\management_ext.dll
Event: 2.134 Loaded shared library C:\Users\semicolon\.jdks\openjdk-24.0.1\bin\verify.dll
Event: 5.186 Loaded shared library C:\Users\semicolon\.jdks\openjdk-24.0.1\bin\sunmscapi.dll

Deoptimization events (20 events):
Event: 14.924 Thread 0x000001768bad59a0 Uncommon trap: trap_request=0xffffffde fr.pc=0x000001769e2e9f3c relative=0x0000000000000ddc
Event: 14.924 Thread 0x000001768bad59a0 Uncommon trap: reason=class_check action=maybe_recompile pc=0x000001769e2e9f3c method=org.antlr.v4.runtime.atn.PredictionContext.combineCommonParents([Lorg/antlr/v4/runtime/atn/PredictionContext;)V @ 64 c2
Event: 14.924 Thread 0x000001768bad59a0 DEOPT PACKING pc=0x000001769e2e9f3c sp=0x0000005c250f1e70
Event: 14.924 Thread 0x000001768bad59a0 DEOPT UNPACKING pc=0x000001769dbb7282 sp=0x0000005c250f1e28 mode 2
Event: 14.925 Thread 0x000001768bad59a0 Uncommon trap: trap_request=0xffffffde fr.pc=0x000001769e2f13c8 relative=0x0000000000000128
Event: 14.925 Thread 0x000001768bad59a0 Uncommon trap: reason=class_check action=maybe_recompile pc=0x000001769e2f13c8 method=org.antlr.v4.runtime.atn.SingletonPredictionContext.equals(Ljava/lang/Object;)Z @ 8 c2
Event: 14.925 Thread 0x000001768bad59a0 DEOPT PACKING pc=0x000001769e2f13c8 sp=0x0000005c250f4ed0
Event: 14.925 Thread 0x000001768bad59a0 DEOPT UNPACKING pc=0x000001769dbb7282 sp=0x0000005c250f4e68 mode 2
Event: 14.927 Thread 0x000001768bad59a0 Uncommon trap: trap_request=0xffffff4d fr.pc=0x000001769e2f2b58 relative=0x0000000000000058
Event: 14.927 Thread 0x000001768bad59a0 Uncommon trap: reason=unstable_if action=reinterpret pc=0x000001769e2f2b58 method=org.antlr.v4.runtime.atn.ATNConfig.isPrecedenceFilterSuppressed()Z @ 7 c2
Event: 14.927 Thread 0x000001768bad59a0 DEOPT PACKING pc=0x000001769e2f2b58 sp=0x0000005c250f3db0
Event: 14.928 Thread 0x000001768bad59a0 DEOPT UNPACKING pc=0x000001769dbb7282 sp=0x0000005c250f3d40 mode 2
Event: 14.928 Thread 0x000001768bad59a0 Uncommon trap: trap_request=0xffffffde fr.pc=0x000001769e2f13c8 relative=0x0000000000000128
Event: 14.928 Thread 0x000001768bad59a0 Uncommon trap: reason=class_check action=maybe_recompile pc=0x000001769e2f13c8 method=org.antlr.v4.runtime.atn.SingletonPredictionContext.equals(Ljava/lang/Object;)Z @ 8 c2
Event: 14.928 Thread 0x000001768bad59a0 DEOPT PACKING pc=0x000001769e2f13c8 sp=0x0000005c250f5480
Event: 14.928 Thread 0x000001768bad59a0 DEOPT UNPACKING pc=0x000001769dbb7282 sp=0x0000005c250f5418 mode 2
Event: 14.998 Thread 0x000001768bad59a0 Uncommon trap: trap_request=0xffffff4d fr.pc=0x000001769e2f1b0c relative=0x000000000000008c
Event: 14.998 Thread 0x000001768bad59a0 Uncommon trap: reason=unstable_if action=reinterpret pc=0x000001769e2f1b0c method=org.antlr.v4.runtime.atn.PredictionContext.mergeRoot(Lorg/antlr/v4/runtime/atn/SingletonPredictionContext;Lorg/antlr/v4/runtime/atn/SingletonPredictionContext;Z)Lorg/antlr/v
Event: 14.998 Thread 0x000001768bad59a0 DEOPT PACKING pc=0x000001769e2f1b0c sp=0x0000005c250f68b0
Event: 14.998 Thread 0x000001768bad59a0 DEOPT UNPACKING pc=0x000001769dbb7282 sp=0x0000005c250f6818 mode 2

Classes loaded (20 events):
Event: 15.278 Loading class org/hibernate/grammars/hql/HqlParser$FetchCountOrPercentContext
Event: 15.278 Loading class org/hibernate/grammars/hql/HqlParser$FetchCountOrPercentContext done
Event: 15.278 Loading class org/hibernate/grammars/hql/HqlParser$SearchedCaseListContext
Event: 15.278 Loading class org/hibernate/grammars/hql/HqlParser$SearchedCaseListContext done
Event: 15.279 Loading class org/hibernate/grammars/hql/HqlParser$GroupByExpressionContext
Event: 15.279 Loading class org/hibernate/grammars/hql/HqlParser$GroupByExpressionContext done
Event: 15.279 Loading class org/hibernate/grammars/hql/HqlParser$SignOperatorContext
Event: 15.279 Loading class org/hibernate/grammars/hql/HqlParser$SignOperatorContext done
Event: 15.280 Loading class org/hibernate/grammars/hql/HqlParser$SimpleCaseListContext
Event: 15.280 Loading class org/hibernate/grammars/hql/HqlParser$SimpleCaseListContext done
Event: 15.280 Loading class org/hibernate/grammars/hql/HqlParser$SearchedCaseWhenContext
Event: 15.280 Loading class org/hibernate/grammars/hql/HqlParser$SearchedCaseWhenContext done
Event: 15.281 Loading class org/hibernate/grammars/hql/HqlParser$MultiplicativeOperatorContext
Event: 15.281 Loading class org/hibernate/grammars/hql/HqlParser$MultiplicativeOperatorContext done
Event: 15.281 Loading class org/hibernate/grammars/hql/HqlParser$SimpleCaseWhenContext
Event: 15.281 Loading class org/hibernate/grammars/hql/HqlParser$SimpleCaseWhenContext done
Event: 15.282 Loading class org/hibernate/grammars/hql/HqlParser$CaseOtherwiseContext
Event: 15.282 Loading class org/hibernate/grammars/hql/HqlParser$CaseOtherwiseContext done
Event: 15.282 Loading class org/hibernate/grammars/hql/HqlParser$AdditiveOperatorContext
Event: 15.282 Loading class org/hibernate/grammars/hql/HqlParser$AdditiveOperatorContext done

Classes unloaded (0 events):
No events

Classes redefined (1 events):
Event: 0.383 Thread 0x00000176acaee120 redefined class name=java.lang.Throwable, count=1

Internal exceptions (20 events):
Event: 12.685 Thread 0x000001768bad59a0 Exception <a 'java/lang/NoSuchMethodError'{0x0000000707753190}: 'java.lang.Object java.lang.invoke.Invokers$Holder.linkToTargetMethod(java.lang.Object, int, java.lang.Object, java.lang.Object)'> (0x0000000707753190) 
thrown [s\open\src\hotspot\share\interpreter\linkResolver.cpp, line 805]
Event: 12.704 Thread 0x000001768bad59a0 Exception <a 'java/lang/NoSuchMethodError'{0x00000007077ef580}: 'void java.lang.invoke.DirectMethodHandle$Holder.invokeSpecial(java.lang.Object, java.lang.Object, java.lang.Object, java.lang.Object, java.lang.Object, java.lang.Object, java.lang.Object, java.lang.Object)'> (0x00000007077ef580) 
thrown [s\open\src\hotspot\share\interpreter\linkResolver.cpp, line 805]
Event: 12.713 Thread 0x000001768bad59a0 Exception <a 'java/lang/NoSuchMethodError'{0x0000000707444ce8}: 'void java.lang.invoke.DirectMethodHandle$Holder.invokeSpecial(java.lang.Object, java.lang.Object, int, java.lang.Object)'> (0x0000000707444ce8) 
thrown [s\open\src\hotspot\share\interpreter\linkResolver.cpp, line 805]
Event: 12.714 Thread 0x000001768bad59a0 Exception <a 'java/lang/IncompatibleClassChangeError'{0x0000000707455420}: Found class java.lang.Object, but interface was expected> (0x0000000707455420) 
thrown [s\open\src\hotspot\share\interpreter\linkResolver.cpp, line 872]
Event: 12.764 Thread 0x000001768bad59a0 Exception <a 'java/lang/NoSuchMethodError'{0x000000070720e8b8}: 'int java.lang.invoke.DirectMethodHandle$Holder.invokeStatic(java.lang.Object, int, java.lang.Object)'> (0x000000070720e8b8) 
thrown [s\open\src\hotspot\share\interpreter\linkResolver.cpp, line 805]
Event: 12.769 Thread 0x000001768bad59a0 Exception <a 'java/lang/NoSuchMethodError'{0x0000000707240658}: 'java.lang.Object java.lang.invoke.DirectMethodHandle$Holder.newInvokeSpecial(java.lang.Object, java.lang.Object, java.lang.Object, java.lang.Object, java.lang.Object, int, java.lang.Object)'> (0x0000000707240658) 
thrown [s\open\src\hotspot\share\interpreter\linkResolver.cpp, line 805]
Event: 12.783 Thread 0x000001768bad59a0 Exception <a 'java/lang/NoSuchMethodError'{0x0000000707292f10}: 'java.lang.Object java.lang.invoke.Invokers$Holder.linkToTargetMethod(java.lang.Object, java.lang.Object, java.lang.Object, java.lang.Object, java.lang.Object, java.lang.Object, java.lang.Object, java.lang.Object, java.lang.Object, java.lang.Object, java.lang.Object, java.lang.Object)'> (0x0000000707292f10) 
thrown [s\open\src\hotspot\share\interpreter\linkResolver.cpp, line 805]
Event: 12.852 Thread 0x000001768bad59a0 Exception <a 'java/lang/IncompatibleClassChangeError'{0x0000000707094038}: Found class java.lang.Object, but interface was expected> (0x0000000707094038) 
thrown [s\open\src\hotspot\share\interpreter\linkResolver.cpp, line 872]
Event: 12.870 Thread 0x000001768bad59a0 Exception <a 'java/lang/NoSuchMethodError'{0x000000070712f050}: 'java.lang.Object java.lang.invoke.DirectMethodHandle$Holder.newInvokeSpecial(java.lang.Object, java.lang.Object, java.lang.Object, java.lang.Object, java.lang.Object, java.lang.Object, java.lang.Object, int)'> (0x000000070712f050) 
thrown [s\open\src\hotspot\share\interpreter\linkResolver.cpp, line 805]
Event: 12.870 Thread 0x000001768bad59a0 Exception <a 'java/lang/NoSuchMethodError'{0x0000000707138ea8}: 'java.lang.Object java.lang.invoke.DirectMethodHandle$Holder.invokeSpecial(java.lang.Object, java.lang.Object, java.lang.Object, java.lang.Object, java.lang.Object, java.lang.Object, java.lang.Object, java.lang.Object, int)'> (0x0000000707138ea8) 
thrown [s\open\src\hotspot\share\interpreter\linkResolver.cpp, line 805]
Event: 12.871 Thread 0x000001768bad59a0 Exception <a 'java/lang/NoSuchMethodError'{0x0000000707142238}: 'java.lang.Object java.lang.invoke.Invokers$Holder.linkToTargetMethod(java.lang.Object, java.lang.Object, java.lang.Object, java.lang.Object, java.lang.Object, java.lang.Object, int, java.lang.Object)'> (0x0000000707142238) 
thrown [s\open\src\hotspot\share\interpreter\linkResolver.cpp, line 805]
Event: 12.890 Thread 0x000001768bad59a0 Implicit null exception at 0x000001769e054ea4 to 0x000001769e054fdc
Event: 13.062 Thread 0x000001768bad59a0 Exception <a 'java/lang/NoSuchMethodError'{0x0000000706a22780}: 'void java.lang.invoke.Invokers$Holder.invokeExact_MT(java.lang.Object, java.lang.Object, java.lang.Object, java.lang.Object)'> (0x0000000706a22780) 
thrown [s\open\src\hotspot\share\interpreter\linkResolver.cpp, line 805]
Event: 13.095 Thread 0x000001768bad59a0 Implicit null exception at 0x000001769e1cfb1a to 0x000001769e1cfe10
Event: 13.272 Thread 0x000001768bad59a0 Exception <a 'java/lang/IncompatibleClassChangeError'{0x00000007066867e8}: Found class java.lang.Object, but interface was expected> (0x00000007066867e8) 
thrown [s\open\src\hotspot\share\interpreter\linkResolver.cpp, line 872]
Event: 13.357 Thread 0x000001768bad59a0 Exception <a 'java/lang/IncompatibleClassChangeError'{0x0000000706463158}: Found class java.lang.Object, but interface was expected> (0x0000000706463158) 
thrown [s\open\src\hotspot\share\interpreter\linkResolver.cpp, line 872]
Event: 13.543 Thread 0x000001768bad59a0 Exception <a 'java/lang/IncompatibleClassChangeError'{0x0000000705eef348}: Found class java.lang.Object, but interface was expected> (0x0000000705eef348) 
thrown [s\open\src\hotspot\share\interpreter\linkResolver.cpp, line 872]
Event: 13.555 Thread 0x000001768bad59a0 Exception <a 'java/lang/NoSuchMethodError'{0x0000000705f9df58}: 'void java.lang.invoke.DirectMethodHandle$Holder.invokeSpecial(java.lang.Object, java.lang.Object, java.lang.Object, java.lang.Object, java.lang.Object, java.lang.Object, java.lang.Object)'> (0x0000000705f9df58) 
thrown [s\open\src\hotspot\share\interpreter\linkResolver.cpp, line 805]
Event: 13.794 Thread 0x000001768bad59a0 Exception <a 'java/lang/IncompatibleClassChangeError'{0x00000007059d2f08}: Found class java.lang.Object, but interface was expected> (0x00000007059d2f08) 
thrown [s\open\src\hotspot\share\interpreter\linkResolver.cpp, line 872]
Event: 13.795 Thread 0x000001768bad59a0 Exception <a 'java/lang/IncompatibleClassChangeError'{0x00000007059e33a8}: Found class java.lang.Object, but interface was expected> (0x00000007059e33a8) 
thrown [s\open\src\hotspot\share\interpreter\linkResolver.cpp, line 872]

VM Operations (20 events):
Event: 12.149 Executing VM operation: HandshakeAllThreads (Deoptimize)
Event: 12.149 Executing VM operation: HandshakeAllThreads (Deoptimize) done
Event: 12.242 Executing VM operation: HandshakeAllThreads (Deoptimize)
Event: 12.243 Executing VM operation: HandshakeAllThreads (Deoptimize) done
Event: 12.503 Executing VM operation: CollectForMetadataAllocation (Metadata GC Threshold)
Event: 12.513 Executing VM operation: CollectForMetadataAllocation (Metadata GC Threshold) done
Event: 12.575 Executing VM operation: G1PauseRemark
Event: 12.582 Executing VM operation: G1PauseRemark done
Event: 12.606 Executing VM operation: G1PauseCleanup
Event: 12.606 Executing VM operation: G1PauseCleanup done
Event: 13.113 Executing VM operation: HandshakeAllThreads (Deoptimize)
Event: 13.113 Executing VM operation: HandshakeAllThreads (Deoptimize) done
Event: 13.562 Executing VM operation: HandshakeAllThreads (Deoptimize)
Event: 13.562 Executing VM operation: HandshakeAllThreads (Deoptimize) done
Event: 14.556 Executing VM operation: HandshakeAllThreads (Deoptimize)
Event: 14.556 Executing VM operation: HandshakeAllThreads (Deoptimize) done
Event: 14.861 Executing VM operation: G1CollectForAllocation (G1 Evacuation Pause)
Event: 14.883 Executing VM operation: G1CollectForAllocation (G1 Evacuation Pause) done
Event: 14.927 Executing VM operation: HandshakeAllThreads (Deoptimize)
Event: 14.927 Executing VM operation: HandshakeAllThreads (Deoptimize) done

Memory protections (0 events):
No events

Nmethod flushes (20 events):
Event: 12.580 Thread 0x00000176acaee120 flushing  nmethod 0x00000176969ac308
Event: 12.580 Thread 0x00000176acaee120 flushing  nmethod 0x00000176969ad608
Event: 12.580 Thread 0x00000176acaee120 flushing  nmethod 0x00000176969de688
Event: 12.580 Thread 0x00000176acaee120 flushing  nmethod 0x0000017696a0b888
Event: 12.580 Thread 0x00000176acaee120 flushing  nmethod 0x0000017696a46508
Event: 12.580 Thread 0x00000176acaee120 flushing  nmethod 0x0000017696a4bd88
Event: 12.580 Thread 0x00000176acaee120 flushing  nmethod 0x0000017696a6ff88
Event: 12.580 Thread 0x00000176acaee120 flushing  nmethod 0x0000017696a70308
Event: 12.580 Thread 0x00000176acaee120 flushing  nmethod 0x0000017696ab5588
Event: 12.580 Thread 0x00000176acaee120 flushing  nmethod 0x0000017696ab6408
Event: 12.580 Thread 0x00000176acaee120 flushing  nmethod 0x0000017696ad4c88
Event: 12.580 Thread 0x00000176acaee120 flushing  nmethod 0x0000017696b0cb88
Event: 12.580 Thread 0x00000176acaee120 flushing  nmethod 0x0000017696b3ea08
Event: 12.580 Thread 0x00000176acaee120 flushing  nmethod 0x0000017696b78008
Event: 12.580 Thread 0x00000176acaee120 flushing  nmethod 0x0000017696becb08
Event: 12.580 Thread 0x00000176acaee120 flushing  nmethod 0x0000017696beda08
Event: 12.580 Thread 0x00000176acaee120 flushing  nmethod 0x0000017696c22d08
Event: 12.580 Thread 0x00000176acaee120 flushing  nmethod 0x0000017696c4ec88
Event: 12.580 Thread 0x00000176acaee120 flushing  nmethod 0x0000017696c56088
Event: 12.580 Thread 0x00000176acaee120 flushing  nmethod 0x0000017696c56788

Events (20 events):
Event: 1.308 Thread 0x00000176acb06d10 Thread added: 0x00000176f324f380
Event: 1.383 Thread 0x00000176f324f380 Thread added: 0x00000176f3250220
Event: 1.420 Thread 0x00000176f3250220 Thread added: 0x00000176f324ec30
Event: 1.449 Thread 0x00000176f3250220 Thread added: 0x00000176f324fad0
Event: 4.082 Thread 0x000001768bad59a0 Thread added: 0x00000176f39ce450
Event: 4.799 Thread 0x000001768bad59a0 Thread added: 0x00000176f53c3cd0
Event: 4.922 Thread 0x00000176f53c3cd0 Thread exited: 0x00000176f53c3cd0
Event: 5.206 Thread 0x00000176f39ce450 Thread exited: 0x00000176f39ce450
Event: 6.145 Thread 0x00000176f23978f0 Thread exited: 0x00000176f23978f0
Event: 6.313 Thread 0x00000176acb12020 Thread added: 0x00000176f446c2b0
Event: 8.840 Thread 0x00000176f446c2b0 Thread exited: 0x00000176f446c2b0
Event: 10.120 Thread 0x00000176acb12020 Thread added: 0x00000176f6664e50
Event: 10.269 Thread 0x000001768bad59a0 Thread added: 0x00000176f6c5e760
Event: 10.305 Thread 0x000001768bad59a0 Thread added: 0x00000176f6c5f600
Event: 10.456 Thread 0x00000176f6c5f600 Thread added: 0x00000176f6c60bf0
Event: 11.927 Thread 0x00000176f6664e50 Thread exited: 0x00000176f6664e50
Event: 12.574 Thread 0x00000176acb12020 Thread added: 0x00000176f60a96a0
Event: 12.938 Thread 0x00000176f60a96a0 Thread exited: 0x00000176f60a96a0
Event: 13.068 Thread 0x00000176acb12020 Thread added: 0x00000176f60a61b0
Event: 15.294 Thread 0x00000176f60a61b0 Thread exited: 0x00000176f60a61b0


Dynamic libraries:
0x00007ff61a680000 - 0x00007ff61a68e000 	C:\Users\semicolon\.jdks\openjdk-24.0.1\bin\java.exe
0x00007ff959f70000 - 0x00007ff95a168000 	C:\WINDOWS\SYSTEM32\ntdll.dll
0x00007ff959ca0000 - 0x00007ff959d62000 	C:\WINDOWS\System32\KERNEL32.DLL
0x00007ff957c90000 - 0x00007ff957f87000 	C:\WINDOWS\System32\KERNELBASE.dll
0x00007ff957700000 - 0x00007ff957800000 	C:\WINDOWS\System32\ucrtbase.dll
0x00007ff9521c0000 - 0x00007ff9521d6000 	C:\Users\semicolon\.jdks\openjdk-24.0.1\bin\jli.dll
0x00007ff959680000 - 0x00007ff95981d000 	C:\WINDOWS\System32\USER32.dll
0x00007ff9576d0000 - 0x00007ff9576f2000 	C:\WINDOWS\System32\win32u.dll
0x00007ff959dd0000 - 0x00007ff959dfb000 	C:\WINDOWS\System32\GDI32.dll
0x00007ff957aa0000 - 0x00007ff957bb9000 	C:\WINDOWS\System32\gdi32full.dll
0x00007ff957bc0000 - 0x00007ff957c5d000 	C:\WINDOWS\System32\msvcp_win.dll
0x00007ff950fc0000 - 0x00007ff950fdb000 	C:\Users\semicolon\.jdks\openjdk-24.0.1\bin\VCRUNTIME140.dll
0x00007ff943630000 - 0x00007ff9438ca000 	C:\WINDOWS\WinSxS\amd64_microsoft.windows.common-controls_6595b64144ccf1df_6.0.19041.5915_none_60b4b9d171f9c7c7\COMCTL32.dll
0x00007ff958bf0000 - 0x00007ff958c8e000 	C:\WINDOWS\System32\msvcrt.dll
0x00007ff958160000 - 0x00007ff95818f000 	C:\WINDOWS\System32\IMM32.DLL
0x00007ff9521b0000 - 0x00007ff9521bc000 	C:\Users\semicolon\.jdks\openjdk-24.0.1\bin\vcruntime140_1.dll
0x00007ff93a3d0000 - 0x00007ff93a45e000 	C:\Users\semicolon\.jdks\openjdk-24.0.1\bin\msvcp140.dll
0x00007ff8ee580000 - 0x00007ff8ef322000 	C:\Users\semicolon\.jdks\openjdk-24.0.1\bin\server\jvm.dll
0x00007ff959a90000 - 0x00007ff959b41000 	C:\WINDOWS\System32\ADVAPI32.dll
0x00007ff9580c0000 - 0x00007ff95815f000 	C:\WINDOWS\System32\sechost.dll
0x00007ff957f90000 - 0x00007ff9580b6000 	C:\WINDOWS\System32\RPCRT4.dll
0x00007ff957c60000 - 0x00007ff957c87000 	C:\WINDOWS\System32\bcrypt.dll
0x00007ff959820000 - 0x00007ff95988b000 	C:\WINDOWS\System32\WS2_32.dll
0x00007ff957460000 - 0x00007ff9574ab000 	C:\WINDOWS\SYSTEM32\POWRPROF.dll
0x00007ff943530000 - 0x00007ff943557000 	C:\WINDOWS\SYSTEM32\WINMM.dll
0x00007ff94ee80000 - 0x00007ff94ee8a000 	C:\WINDOWS\SYSTEM32\VERSION.dll
0x00007ff957440000 - 0x00007ff957452000 	C:\WINDOWS\SYSTEM32\UMPDC.dll
0x00007ff955de0000 - 0x00007ff955df2000 	C:\WINDOWS\SYSTEM32\kernel.appcore.dll
0x00007ff951050000 - 0x00007ff95105a000 	C:\Users\semicolon\.jdks\openjdk-24.0.1\bin\jimage.dll
0x00007ff955300000 - 0x00007ff955501000 	C:\WINDOWS\SYSTEM32\DBGHELP.DLL
0x00007ff9401e0000 - 0x00007ff940214000 	C:\WINDOWS\SYSTEM32\dbgcore.DLL
0x00007ff957a10000 - 0x00007ff957a92000 	C:\WINDOWS\System32\bcryptPrimitives.dll
0x00007ff944680000 - 0x00007ff94468f000 	C:\Users\semicolon\.jdks\openjdk-24.0.1\bin\instrument.dll
0x00007ff950b90000 - 0x00007ff950bae000 	C:\Users\semicolon\.jdks\openjdk-24.0.1\bin\java.dll
0x00007ff959e00000 - 0x00007ff959f2b000 	C:\WINDOWS\System32\ole32.dll
0x00007ff958c90000 - 0x00007ff958fe3000 	C:\WINDOWS\System32\combase.dll
0x00007ff958190000 - 0x00007ff9588fe000 	C:\WINDOWS\System32\SHELL32.dll
0x00007ff944690000 - 0x00007ff9446a7000 	C:\Users\semicolon\.jdks\openjdk-24.0.1\bin\zip.dll
0x00007ff955620000 - 0x00007ff955dc4000 	C:\WINDOWS\SYSTEM32\windows.storage.dll
0x00007ff956e80000 - 0x00007ff956eab000 	C:\WINDOWS\SYSTEM32\Wldp.dll
0x00007ff959bd0000 - 0x00007ff959c9d000 	C:\WINDOWS\System32\OLEAUT32.dll
0x00007ff959970000 - 0x00007ff959a1d000 	C:\WINDOWS\System32\SHCORE.dll
0x00007ff959b70000 - 0x00007ff959bcb000 	C:\WINDOWS\System32\shlwapi.dll
0x00007ff957530000 - 0x00007ff957554000 	C:\WINDOWS\SYSTEM32\profapi.dll
0x00007ff9346b0000 - 0x00007ff934787000 	C:\Users\semicolon\.jdks\openjdk-24.0.1\bin\jsvml.dll
0x00007ff950550000 - 0x00007ff950560000 	C:\Users\semicolon\.jdks\openjdk-24.0.1\bin\net.dll
0x00007ff956c60000 - 0x00007ff956cca000 	C:\WINDOWS\system32\mswsock.dll
0x00007ff94fcd0000 - 0x00007ff94fce6000 	C:\Users\semicolon\.jdks\openjdk-24.0.1\bin\nio.dll
0x00007ff94d740000 - 0x00007ff94d749000 	C:\Users\semicolon\.jdks\openjdk-24.0.1\bin\extnet.dll
0x00007ff9569a0000 - 0x00007ff956a6a000 	C:\WINDOWS\SYSTEM32\DNSAPI.dll
0x00007ff956960000 - 0x00007ff95699b000 	C:\WINDOWS\SYSTEM32\IPHLPAPI.DLL
0x00007ff958be0000 - 0x00007ff958be8000 	C:\WINDOWS\System32\NSI.dll
0x000000006d670000 - 0x000000006d696000 	C:\Program Files\Bonjour\mdnsNSP.dll
0x00007ff943cc0000 - 0x00007ff943cca000 	C:\Windows\System32\rasadhlp.dll
0x00007ff944e20000 - 0x00007ff944ea0000 	C:\WINDOWS\System32\fwpuclnt.dll
0x00007ff944670000 - 0x00007ff94467a000 	C:\Users\semicolon\.jdks\openjdk-24.0.1\bin\management.dll
0x00007ff9445b0000 - 0x00007ff9445bb000 	C:\Users\semicolon\.jdks\openjdk-24.0.1\bin\management_ext.dll
0x00007ff959670000 - 0x00007ff959678000 	C:\WINDOWS\System32\PSAPI.DLL
0x00007ff956ec0000 - 0x00007ff956ed8000 	C:\WINDOWS\SYSTEM32\CRYPTSP.dll
0x00007ff9565a0000 - 0x00007ff9565d8000 	C:\WINDOWS\system32\rsaenh.dll
0x00007ff9574b0000 - 0x00007ff9574de000 	C:\WINDOWS\SYSTEM32\USERENV.dll
0x00007ff956df0000 - 0x00007ff956dfc000 	C:\WINDOWS\SYSTEM32\CRYPTBASE.dll
0x00007ff938eb0000 - 0x00007ff938ec7000 	C:\WINDOWS\system32\napinsp.dll
0x00007ff937600000 - 0x00007ff93761b000 	C:\WINDOWS\system32\pnrpnsp.dll
0x00007ff9375e0000 - 0x00007ff9375fd000 	C:\WINDOWS\system32\wshbth.dll
0x00007ff951b10000 - 0x00007ff951b2d000 	C:\WINDOWS\system32\NLAapi.dll
0x00007ff9375c0000 - 0x00007ff9375d2000 	C:\WINDOWS\System32\winrnr.dll
0x00007ff940260000 - 0x00007ff9402b1000 	C:\WINDOWS\SYSTEM32\pdh.dll
0x00007ff950500000 - 0x00007ff950510000 	C:\Users\semicolon\.jdks\openjdk-24.0.1\bin\verify.dll
0x00007ff944590000 - 0x00007ff94459f000 	C:\WINDOWS\System32\perfproc.dll
0x00007ff950f50000 - 0x00007ff950f5f000 	C:\WINDOWS\System32\perfos.dll
0x00007ff9445a0000 - 0x00007ff9445ae000 	C:\Users\semicolon\.jdks\openjdk-24.0.1\bin\sunmscapi.dll
0x00007ff9578b0000 - 0x00007ff957a0d000 	C:\WINDOWS\System32\CRYPT32.dll
0x00007ff956fd0000 - 0x00007ff956ff7000 	C:\WINDOWS\SYSTEM32\ncrypt.dll
0x00007ff956f90000 - 0x00007ff956fcb000 	C:\WINDOWS\SYSTEM32\NTASN1.dll

JVMTI agents:
C:\Users\semicolon\AppData\Local\JetBrains\IntelliJIdea2025.1\captureAgent\debugger-agent.jar path:C:\Users\semicolon\.jdks\openjdk-24.0.1\bin\instrument.dll, loaded, initialized, instrumentlib options:file:///C:/Users/SEMICO~1/AppData/Local/Temp/capture2287774474115387196.props
C:\Program Files\JetBrains\IntelliJ IDEA 2025.1\lib\idea_rt.jar path:C:\Users\semicolon\.jdks\openjdk-24.0.1\bin\instrument.dll, loaded, initialized, instrumentlib options:59001

dbghelp: loaded successfully - version: 4.0.5 - missing functions: none
symbol engine: initialized successfully - sym options: 0x614 - pdb path: .;C:\Users\semicolon\.jdks\openjdk-24.0.1\bin;C:\WINDOWS\SYSTEM32;C:\WINDOWS\WinSxS\amd64_microsoft.windows.common-controls_6595b64144ccf1df_6.0.19041.5915_none_60b4b9d171f9c7c7;C:\Users\semicolon\.jdks\openjdk-24.0.1\bin\server;C:\Program Files\Bonjour

VM Arguments:
jvm_args: -javaagent:C:\Users\semicolon\AppData\Local\JetBrains\IntelliJIdea2025.1\captureAgent\debugger-agent.jar=file:///C:/Users/SEMICO~1/AppData/Local/Temp/capture2287774474115387196.props -ea -Didea.test.cyclic.buffer.size=1048576 -javaagent:C:\Program Files\JetBrains\IntelliJ IDEA 2025.1\lib\idea_rt.jar=59001 -Dkotlinx.coroutines.debug.enable.creation.stack.trace=false -Ddebugger.agent.enable.coroutines=true -Dkotlinx.coroutines.debug.enable.flows.stack.trace=true -Dkotlinx.coroutines.debug.enable.mutable.state.flows.stack.trace=true -Dfile.encoding=UTF-8 -Dsun.stdout.encoding=UTF-8 -Dsun.stderr.encoding=UTF-8 
java_command: com.intellij.rt.junit.JUnitStarter -ideVersion5 -junit5 dev.litebank.service.AccountServiceTest,testGenerateAccountNumber
java_class_path (initial): C:\Users\semicolon\.m2\repository\org\junit\platform\junit-platform-launcher\1.12.2\junit-platform-launcher-1.12.2.jar;C:\Program Files\JetBrains\IntelliJ IDEA 2025.1\lib\idea_rt.jar;C:\Program Files\JetBrains\IntelliJ IDEA 2025.1\plugins\junit\lib\junit5-rt.jar;C:\Program Files\JetBrains\IntelliJ IDEA 2025.1\plugins\junit\lib\junit-rt.jar;C:\Users\semicolon\Desktop\LiteBank\target\test-classes;C:\Users\semicolon\Desktop\LiteBank\target\classes;C:\Users\semicolon\.m2\repository\org\springframework\boot\spring-boot-starter-data-jpa\3.5.4\spring-boot-starter-data-jpa-3.5.4.jar;C:\Users\semicolon\.m2\repository\org\springframework\boot\spring-boot-starter\3.5.4\spring-boot-starter-3.5.4.jar;C:\Users\semicolon\.m2\repository\org\springframework\boot\spring-boot-starter-logging\3.5.4\spring-boot-starter-logging-3.5.4.jar;C:\Users\semicolon\.m2\repository\ch\qos\logback\logback-classic\1.5.18\logback-classic-1.5.18.jar;C:\Users\semicolon\.m2\repository\ch\qos\logback\logback-core\1.5.18\logback-core-1.5.18.jar;C:\Users\semicolon\.m2\repository\org\apache\logging\log4j\log4j-to-slf4j\2.24.3\log4j-to-slf4j-2.24.3.jar;C:\Users\semicolon\.m2\repository\org\apache\logging\log4j\log4j-api\2.24.3\log4j-api-2.24.3.jar;C:\Users\semicolon\.m2\repository\org\slf4j\jul-to-slf4j\2.0.17\jul-to-slf4j-2.0.17.jar;C:\Users\semicolon\.m2\repository\jakarta\annotation\jakarta.annotation-api\2.1.1\jakarta.annotation-api-2.1.1.jar;C:\Users\semicolon\.m2\repository\org\yaml\snakeyaml\2.4\snakeyaml-2.4.jar;C:\Users\semicolon\.m2\repository\org\springframework\boot\spring-boot-starter-jdbc\3.5.4\spring-boot-starter-jdbc-3.5.4.jar;C:\Users\semicolon\.m2\repository\com\zaxxer\HikariCP\6.3.1\HikariCP-6.3.1.jar;C:\Users\semicolon\.m2\repository\org\springframework\spring-jdbc\6.2.9\spring-jdbc-6.2.9.jar;C:\Users\semicolon\.m2\repository\org\hibernate\orm\hibernate-core\6.6.22.Final\hibernate-core-6.6.22.Final.jar;C:\Users\semicolon\.m2\repository\jakarta\persistence\jakarta.persistence-api\3.1.0\jakarta.persistence-api-3.1.0.jar;C:\Users\semicolon\.m2\repository\jakarta\transaction\jakarta.transaction-api\2.0.1\jakarta.transaction-api-2.0.1.jar;C:\Users\semicolon\.m2\repository\org\jboss\logging\jboss-logging\3.6.1.Final\jboss-logging-3.6.1.Final.jar;C:\Users\semicolon\.m2\repository\org\hibernate\common\hibernate-commons-annotations\7.0.3.Final\hibernate-commons-annotations-7.0.3.Final.jar;C:\Users\semicolon\.m2\repository\io\smallrye\jandex\3.2.0\jandex-3.2.0.jar;C:\Users\semicolon\.m2\repository\com\fasterxml\classmate\1.7.0\classmate-1.7.0.jar;C:\Users\semicolon\.m2\repository\net\bytebuddy\byte-buddy\1.17.6\byte-buddy-1.17.6.jar;C:\Users\semicolon\.m2\repository\org\glassfish\jaxb\jaxb-runtime\4.0.5\jaxb-runtime-4.0.5.jar;C:\Users\semicolon\.m2\repository\org\glassfish\jaxb\jaxb-core\4.0.5\jaxb-core-4.0.5.jar;C:\Users\semicolon\.m2\repository\org\eclipse\angus\angus-activation\2.0.2\angus-activation-2.0.2.jar;C:\Users\semicolon\.m2\repository\org\glassfish\jaxb\txw2\4.0.5\txw2-4.0.5.jar;C:\Users\semicolon\.m2\repository\com\sun\istack\istack-commons-runtime\4.1.2\istack-commons-runtime-4.1.2.jar;C:\Users\semicolon\.m2\repository\jakarta\inject\jakarta.inject-api\2.0.1\jakarta.inject-api-2.0.1.jar;C:\Users\semicolon\.m2\repository\org\antlr\antlr4-runtime\4.13.0\antlr4-runtime-4.13.0.jar;C:\Users\semicolon\.m2\repository\org\springframework\data\spring-data-jpa\3.5.2\spring-data-jpa-3.5.2.jar;C:\Users\semicolon\.m2\repository\org\springframework\data\spring-data-commons\3.5.2\spring-data-commons-3.5.2.jar;C:\Users\semicolon\.m2\repository\org\springframework\spring-orm\6.2.9\spring-orm-6.2.9.jar;C:\Users\semicolon\.m2\repository\org\springframework\spring-context\6.2.9\spring-context-6.2.9.jar;C:\Users\semicolon\.m2\repository\org\springframework\spring-tx\6.2.9\spring-tx-6.2.9.jar;C:\Users\semicolon\.m2\repository\org\springframework\spring-beans\6.2.9\spring-beans-6.2.9.jar;C:\Users\semicolon\.m2\repository\org\slf4j\slf4j-api\2.0.17\slf4j-api-2.0.17.jar;C:\Users\semicolon\.m2\repository\org\springframework\spring-aspects\6.2.9\spring-aspects-6.2.9.jar;C:\Users\semicolon\.m2\repository\org\aspectj\aspectjweaver\1.9.24\aspectjweaver-1.9.24.jar;C:\Users\semicolon\.m2\repository\org\springframework\boot\spring-boot-starter-web\3.5.4\spring-boot-starter-web-3.5.4.jar;C:\Users\semicolon\.m2\repository\org\springframework\boot\spring-boot-starter-json\3.5.4\spring-boot-starter-json-3.5.4.jar;C:\Users\semicolon\.m2\repository\com\fasterxml\jackson\datatype\jackson-datatype-jdk8\2.19.2\jackson-datatype-jdk8-2.19.2.jar;C:\Users\semicolon\.m2\repository\com\fasterxml\jackson\datatype\jackson-datatype-jsr310\2.19.2\jackson-datatype-jsr310-2.19.2.jar;C:\Users\semicolon\.m2\repository\com\fasterxml\jackson\module\jackson-module-parameter-names\2.19.2\jackson-module-parameter-names-2.19.2.jar;C:\Users\semicolon\.m2\repository\org\springframework\boot\spring-boot-starter-tomcat\3.5.4\spring-boot-starter-tomcat-3.5.4.jar;C:\Users\semicolon\.m2\repository\org\apache\tomcat\embed\tomcat-embed-core\10.1.43\tomcat-embed-core-10.1.43.jar;C:\Users\semicolon\.m2\repository\org\apache\tomcat\embed\tomcat-embed-el\10.1.43\tomcat-embed-el-10.1.43.jar;C:\Users\semicolon\.m2\repository\org\apache\tomcat\embed\tomcat-embed-websocket\10.1.43\tomcat-embed-websocket-10.1.43.jar;C:\Users\semicolon\.m2\repository\org\springframework\spring-web\6.2.9\spring-web-6.2.9.jar;C:\Users\semicolon\.m2\repository\io\micrometer\micrometer-observation\1.15.2\micrometer-observation-1.15.2.jar;C:\Users\semicolon\.m2\repository\io\micrometer\micrometer-commons\1.15.2\micrometer-commons-1.15.2.jar;C:\Users\semicolon\.m2\repository\org\springframework\spring-webmvc\6.2.9\spring-webmvc-6.2.9.jar;C:\Users\semicolon\.m2\repository\org\springframework\spring-expression\6.2.9\spring-expression-6.2.9.jar;C:\Users\semicolon\.m2\repository\org\modelmapper\modelmapper\3.2.0\modelmapper-3.2.0.jar;C:\Users\semicolon\.m2\repository\com\sendgrid\sendgrid-java\4.10.2\sendgrid-java-4.10.2.jar;C:\Users\semicolon\.m2\repository\com\sendgrid\java-http-client\4.5.0\java-http-client-4.5.0.jar;C:\Users\semicolon\.m2\repository\org\apache\httpcomponents\httpcore\4.4.16\httpcore-4.4.16.jar;C:\Users\semicolon\.m2\repository\org\apache\httpcomponents\httpclient\4.5.13\httpclient-4.5.13.jar;C:\Users\semicolon\.m2\repository\commons-logging\commons-logging\1.2\commons-logging-1.2.jar;C:\Users\semicolon\.m2\repository\commons-codec\commons-codec\1.18.0\commons-codec-1.18.0.jar;C:\Users\semicolon\.m2\repository\com\fasterxml\jackson\core\jackson-core\2.19.2\jackson-core-2.19.2.jar;C:\Users\semicolon\.m2\repository\com\fasterxml\jackson\core\jackson-annotations\2.19.2\jackson-annotations-2.19.2.jar;C:\Users\semicolon\.m2\repository\com\fasterxml\jackson\core\jackson-databind\2.19.2\jackson-databind-2.19.2.jar;C:\Users\semicolon\.m2\repository\org\bouncycastle\bcprov-jdk18on\1.76\bcprov-jdk18on-1.76.jar;C:\Users\semicolon\.m2\repository\org\springframework\boot\spring-boot-starter-security\3.5.4\spring-boot-starter-security-3.5.4.jar;C:\Users\semicolon\.m2\repository\org\springframework\spring-aop\6.2.9\spring-aop-6.2.9.jar;C:\Users\semicolon\.m2\repository\org\springframework\security\spring-security-config\6.5.2\spring-security-config-6.5.2.jar;C:\Users\semicolon\.m2\repository\org\springframework\security\spring-security-core\6.5.2\spring-security-core-6.5.2.jar;C:\Users\semicolon\.m2\repository\org\springframework\security\spring-security-crypto\6.5.2\spring-security-crypto-6.5.2.jar;C:\Users\semicolon\.m2\repository\org\springframework\security\spring-security-web\6.5.2\spring-security-web-6.5.2.jar;C:\Users\semicolon\.m2\repository\org\springframework\boot\spring-boot-devtools\3.5.4\spring-boot-devtools-3.5.4.jar;C:\Users\semicolon\.m2\repository\org\springframework\boot\spring-boot\3.5.4\spring-boot-3.5.4.jar;C:\Users\semicolon\.m2\repository\org\springframework\boot\spring-boot-autoconfigure\3.5.4\spring-boot-autoconfigure-3.5.4.jar;C:\Users\semicolon\.m2\repository\org\postgresql\postgresql\42.7.7\postgresql-42.7.7.jar;C:\Users\semicolon\.m2\repository\org\checkerframework\checker-qual\3.49.3\checker-qual-3.49.3.jar;C:\Users\semicolon\.m2\repository\org\projectlombok\lombok\1.18.38\lombok-1.18.38.jar;C:\Users\semicolon\.m2\repository\org\springframework\boot\spring-boot-starter-test\3.5.4\spring-boot-starter-test-3.5.4.jar;C:\Users\semicolon\.m2\repository\org\springframework\boot\spring-boot-test\3.5.4\spring-boot-test-3.5.4.jar;C:\Users\semicolon\.m2\repository\org\springframework\boot\spring-boot-test-autoconfigure\3.5.4\spring-boot-test-autoconfigure-3.5.4.jar;C:\Users\semicolon\.m2\repository\com\jayway\jsonpath\json-path\2.9.0\json-path-2.9.0.jar;C:\Users\semicolon\.m2\repository\jakarta\xml\bind\jakarta.xml.bind-api\4.0.2\jakarta.xml.bind-api-4.0.2.jar;C:\Users\semicolon\.m2\repository\jakarta\activation\jakarta.activation-api\2.1.3\jakarta.activation-api-2.1.3.jar;C:\Users\semicolon\.m2\repository\net\minidev\json-smart\2.5.2\json-smart-2.5.2.jar;C:\Users\semicolon\.m2\repository\net\minidev\accessors-smart\2.5.2\accessors-smart-2.5.2.jar;C:\Users\semicolon\.m2\repository\org\ow2\asm\asm\9.7.1\asm-9.7.1.jar;C:\Users\semicolon\.m2\repository\org\assertj\assertj-core\3.27.3\assertj-core-3.27.3.jar;C:\Users\semicolon\.m2\repository\org\awaitility\awaitility\4.2.2\awaitility-4.2.2.jar;C:\Users\semicolon\.m2\repository\org\hamcrest\hamcrest\3.0\hamcrest-3.0.jar;C:\Users\semicolon\.m2\repository\org\junit\jupiter\junit-jupiter\5.12.2\junit-jupiter-5.12.2.jar;C:\Users\semicolon\.m2\repository\org\junit\jupiter\junit-jupiter-api\5.12.2\junit-jupiter-api-5.12.2.jar;C:\Users\semicolon\.m2\repository\org\opentest4j\opentest4j\1.3.0\opentest4j-1.3.0.jar;C:\Users\semicolon\.m2\repository\org\junit\platform\junit-platform-commons\1.12.2\junit-platform-commons-1.12.2.jar;C:\Users\semicolon\.m2\repository\org\apiguardian\apiguardian-api\1.1.2\apiguardian-api-1.1.2.jar;C:\Users\semicolon\.m2\repository\org\junit\jupiter\junit-jupiter-params\5.12.2\junit-jupiter-params-5.12.2.jar;C:\Users\semicolon\.m2\repository\org\junit\jupiter\junit-jupiter-engine\5.12.2\junit-jupiter-engine-5.12.2.jar;C:\Users\semicolon\.m2\repository\org\junit\platform\junit-platform-engine\1.12.2\junit-platform-engine-1.12.2.jar;C:\Users\semicolon\.m2\repository\org\mockito\mockito-core\5.17.0\mockito-core-5.17.0.jar;C:\Users\semicolon\.m2\repository\net\bytebuddy\byte-buddy-agent\1.17.6\byte-buddy-agent-1.17.6.jar;C:\Users\semicolon\.m2\repository\org\objenesis\objenesis\3.3\objenesis-3.3.jar;C:\Users\semicolon\.m2\repository\org\mockito\mockito-junit-jupiter\5.17.0\mockito-junit-jupiter-5.17.0.jar;C:\Users\semicolon\.m2\repository\org\skyscreamer\jsonassert\1.5.3\jsonassert-1.5.3.jar;C:\Users\semicolon\.m2\repository\com\vaadin\external\google\android-json\0.0.20131108.vaadin1\android-json-0.0.20131108.vaadin1.jar;C:\Users\semicolon\.m2\repository\org\springframework\spring-core\6.2.9\spring-core-6.2.9.jar;C:\Users\semicolon\.m2\repository\org\springframework\spring-jcl\6.2.9\spring-jcl-6.2.9.jar;C:\Users\semicolon\.m2\repository\org\springframework\spring-test\6.2.9\spring-test-6.2.9.jar;C:\Users\semicolon\.m2\repository\org\xmlunit\xmlunit-core\2.10.3\xmlunit-core-2.10.3.jar
Launcher Type: SUN_STANDARD

[Global flags]
     intx CICompilerCount                          = 3                                         {product} {ergonomic}
     uint ConcGCThreads                            = 1                                         {product} {ergonomic}
     uint G1ConcRefinementThreads                  = 4                                         {product} {ergonomic}
   size_t G1HeapRegionSize                         = 2097152                                   {product} {ergonomic}
   size_t InitialHeapSize                          = 268435456                                 {product} {ergonomic}
   size_t MarkStackSize                            = 4194304                                   {product} {ergonomic}
   size_t MarkStackSizeMax                         = 536870912                                 {product} {ergonomic}
   size_t MaxHeapSize                              = 4265607168                                {product} {ergonomic}
   size_t MaxNewSize                               = 2558525440                                {product} {ergonomic}
   size_t MinHeapDeltaBytes                        = 2097152                                   {product} {ergonomic}
   size_t MinHeapSize                              = 8388608                                   {product} {ergonomic}
    uintx NonNMethodCodeHeapSize                   = 5832704                                {pd product} {ergonomic}
    uintx NonProfiledCodeHeapSize                  = 122945536                              {pd product} {ergonomic}
    uintx ProfiledCodeHeapSize                     = 122880000                              {pd product} {ergonomic}
    uintx ReservedCodeCacheSize                    = 251658240                              {pd product} {ergonomic}
     bool SegmentedCodeCache                       = true                                      {product} {ergonomic}
   size_t SoftMaxHeapSize                          = 4265607168                             {manageable} {ergonomic}
     bool UseCompressedOops                        = true                           {product lp64_product} {ergonomic}
     bool UseG1GC                                  = true                                      {product} {ergonomic}
     bool UseLargePagesIndividualAllocation        = false                                  {pd product} {ergonomic}

Logging:
Log output configuration:
 #0: stdout all=warning uptime,level,tags foldmultilines=false
 #1: stderr all=off uptime,level,tags foldmultilines=false

Environment Variables:
JAVA_HOME=C:\Program Files\java\jdk-21.0.1
PATH=C:\Program Files\Scripts\;C:\Program Files\;C:\WINDOWS\system32;C:\WINDOWS;C:\WINDOWS\System32\Wbem;C:\WINDOWS\System32\WindowsPowerShell\v1.0\;C:\WINDOWS\System32\OpenSSH\;C:\Program Files\java\jdk-21.0.1\bin;C:\Program Files\VideoLAN\VLC;C:\Python311;C:\Program Files\nodejs\;C:\Program Files\Docker\Docker\resources\bin;C:\apache-maven-3.9.6\bin;C:\sui\sui-testnet-v1.25.0-windows-x86_64;C:\Program Files\Git\cmd;C:\Users\semicolon\AppData\Roaming\Python\Python312\Scripts;;C:\ProgramData\chocolatey\bin;C:\Program Files\LLVM\bin;C:\Program Files (x86)\LLVM\bin;C:\Program Files\CMake\bin;C:\Program Files\Go\bin;C:\Program Files\MySQL\MySQL Shell 8.4\bin\;C:\Users\semicolon\scoop\shims;C:\Users\semicolon\.cargo\bin;C:\Users\semicolon\AppData\Local\Microsoft\WindowsApps;;C:\Program Files\JetBrains\IntelliJ IDEA 2023.2.1\bin;;C:\Users\semicolon\AppData\Local\Programs\Microsoft VS Code\bin;C:\Users\semicolon\AppData\Local\Microsoft\WinGet\Packages\jqlang.jq_Microsoft.Winget.Source_8wekyb3d8bbwe;C:\Program Files\JetBrains\GoLand 2023.2.5\bin;;C:\Users\semicolon\AppData\Roaming\npm;C:\Program Files\JetBrains\WebStorm 2024.3.5\bin;;C:\Program Files\heroku\bin;C:\Users\semicolon\go\bin
USERNAME=semicolon
OS=Windows_NT
PROCESSOR_IDENTIFIER=Intel64 Family 6 Model 78 Stepping 3, GenuineIntel
TMP=C:\Users\SEMICO~1\AppData\Local\Temp
TEMP=C:\Users\SEMICO~1\AppData\Local\Temp




Periodic native trim disabled

---------------  S Y S T E M  ---------------

OS:
 Windows 10 , 64 bit Build 19041 (10.0.19041.5915)
OS uptime: 7 days 3:51 hours
Hyper-V role detected

CPU: total 4 (initial active 4) (2 cores per cpu, 2 threads per core) family 6 model 78 stepping 3 microcode 0xec, cx8, cmov, fxsr, ht, mmx, 3dnowpref, sse, sse2, sse3, ssse3, sse4.1, sse4.2, popcnt, lzcnt, tsc, tscinvbit, avx, avx2, aes, erms, clmul, bmi1, bmi2, rtm, adx, fma, vzeroupper, clflush, clflushopt, hv, rdtscp, f16c
Processor Information for the first 4 processors :
  Max Mhz: 2801, Current Mhz: 2801, Mhz Limit: 2801

Memory: 4k page, system-wide physical 16267M (918M free)
TotalPageFile size 24737M (AvailPageFile size 430M)
current process WorkingSet (physical memory assigned to process): 347M, peak: 347M
current process commit charge ("private bytes"): 378M, peak: 419M

vm_info: OpenJDK 64-Bit Server VM (24.0.1+9-30) for windows-amd64 JRE (24.0.1+9-30), built on 2025-03-05T07:23:45Z with MS VC++ 17.6 (VS2022)

END.
