#
# There is insufficient memory for the Java Runtime Environment to continue.
# Native memory allocation (mmap) failed to map 268435456 bytes. Error detail: G1 virtual space
# Possible reasons:
#   The system is out of physical RAM or swap space
#   This process is running with CompressedOops enabled, and the Java Heap may be blocking the growth of the native heap
# Possible solutions:
#   Reduce memory load on the system
#   Increase physical memory or swap space
#   Check if swap backing store is full
#   Decrease Java heap size (-Xmx/-Xms)
#   Decrease number of Java threads
#   Decrease Java thread stack sizes (-Xss)
#   Set larger code cache with -XX:ReservedCodeCacheSize=
#   JVM is running with Zero Based Compressed Oops mode in which the Java heap is
#     placed in the first 32GB address space. The Java Heap base address is the
#     maximum limit for the native heap growth. Please use -XX:HeapBaseMinAddress
#     to set the Java Heap base and to place the Java Heap above 32GB virtual address.
# This output file may be truncated or incomplete.
#
#  Out of Memory Error (os_windows.cpp:3564), pid=6496, tid=8920
#
# JRE version:  (24.0.1+9) (build )
# Java VM: OpenJDK 64-Bit Server VM (24.0.1+9-30, mixed mode, sharing, tiered, compressed oops, compressed class ptrs, g1 gc, windows-amd64)
# No core dump will be written. Minidumps are not enabled by default on client versions of Windows
#

---------------  S U M M A R Y ------------

Command Line: -Dnet.bytebuddy.agent.attacher.dump= net.bytebuddy.agent.Attacher com.sun.tools.attach.VirtualMachine 2448 C:\Users\semicolon\.m2\repository\net\bytebuddy\byte-buddy-agent\1.17.6\byte-buddy-agent-1.17.6.jar false 

Host: Intel(R) Core(TM) i7-6600U CPU @ 2.60GHz, 4 cores, 15G,  Windows 10 , 64 bit Build 19041 (10.0.19041.5915)
Time: Wed Aug 27 08:56:59 2025 Central Daylight Time elapsed time: 0.019607 seconds (0d 0h 0m 0s)

---------------  T H R E A D  ---------------

Current thread (0x000001dfbf6f54e0):  JavaThread "Unknown thread" [_thread_in_vm, id=8920, stack(0x0000000dfef00000,0x0000000dff000000) (1024K)]

Stack: [0x0000000dfef00000,0x0000000dff000000]
Native frames: (J=compiled Java code, j=interpreted, Vv=VM code, C=native code)
V  [jvm.dll+0x730739]  (no source info available)
V  [jvm.dll+0x8d9b23]  (no source info available)
V  [jvm.dll+0x8dc00d]  (no source info available)
V  [jvm.dll+0x8dc683]  (no source info available)
V  [jvm.dll+0x2aa086]  (no source info available)
V  [jvm.dll+0x72cc65]  (no source info available)
V  [jvm.dll+0x72059a]  (no source info available)
V  [jvm.dll+0x390cea]  (no source info available)
V  [jvm.dll+0x3989f6]  (no source info available)
V  [jvm.dll+0x38523e]  (no source info available)
V  [jvm.dll+0x3854f8]  (no source info available)
V  [jvm.dll+0x35d0cc]  (no source info available)
V  [jvm.dll+0x35dd8d]  (no source info available)
V  [jvm.dll+0x89d28f]  (no source info available)
V  [jvm.dll+0x3f985d]  (no source info available)
V  [jvm.dll+0x8858e6]  (no source info available)
V  [jvm.dll+0x495f3e]  (no source info available)
V  [jvm.dll+0x497d11]  (no source info available)
C  [jli.dll+0x52a1]  (no source info available)
C  [ucrtbase.dll+0x21bb2]  (no source info available)
C  [KERNEL32.DLL+0x17374]  (no source info available)
C  [ntdll.dll+0x4cc91]  (no source info available)

Lock stack of current Java thread (top to bottom):


---------------  P R O C E S S  ---------------

Threads class SMR info:
_java_thread_list=0x00007ff8ef1bf318, length=0, elements={
}

Java Threads: ( => current thread )
Total: 0

Other Threads:
  0x000001dfc1a4bf60 WorkerThread "GC Thread#0"                     [id=19508, stack(0x0000000dff000000,0x0000000dff100000) (1024K)]
  0x000001dfc1a616a0 ConcurrentGCThread "G1 Main Marker"            [id=13848, stack(0x0000000dff100000,0x0000000dff200000) (1024K)]
  0x000001dfc1a631c0 WorkerThread "G1 Conc#0"                       [id=6112, stack(0x0000000dff200000,0x0000000dff300000) (1024K)]

[error occurred during error reporting (printing all threads), id 0xc0000005, EXCEPTION_ACCESS_VIOLATION (0xc0000005) at pc=0x00007ff8ee8f14ea]
VM state: not at safepoint (not fully initialized)

VM Mutex/Monitor currently owned by a thread:  ([mutex/lock_event])
[0x00007ff8ef2445b0] Heap_lock - owner thread: 0x000001dfbf6f54e0

Heap address: 0x0000000701c00000, size: 4068 MB, Compressed Oops mode: Zero based, Oop shift amount: 3

CDS archive(s) mapped at: [0x0000000000000000-0x0000000000000000-0x0000000000000000), size 0, SharedBaseAddress: 0x0000000800000000, ArchiveRelocationMode: 1.
UseCompressedClassPointers 1, UseCompactObjectHeaders 0
Narrow klass pointer bits 32, Max shift 3
Narrow klass base: 0xffffffffffffffff, Narrow klass shift: -1
Encoding Range: [0xffffffffffffffff - 0x000000007fffffff), (2147483648 bytes)
Klass Range:    [0x0000000000000000 - 0x0000000000000000), (0 bytes)
Klass ID Range:  [4294967295 - 0) (1)

GC Precious Log:
 CardTable entry size: 512
 Card Set container configuration: InlinePtr #cards 4 size 8 Array Of Cards #cards 16 size 48 Howl #buckets 8 coarsen threshold 3686 Howl Bitmap #cards 512 size 80 coarsen threshold 460 Card regions per heap region 1 cards per card region 4096

Heap:
 garbage-first heap   total reserved 4165632K, committed 0K, used 0K [0x0000000701c00000, 0x0000000800000000)
  region size 2048K, 0 young (0K), 0 survivors (0K)

[error occurred during error reporting (printing heap information), id 0xc0000005, EXCEPTION_ACCESS_VIOLATION (0xc0000005) at pc=0x00007ff8eed0e3e9]
GC Heap History (0 events):
No events

Dll operation events (1 events):
Event: 0.013 Loaded shared library C:\Users\semicolon\.jdks\openjdk-24.0.1\bin\java.dll

Deoptimization events (0 events):
No events

Classes loaded (0 events):
No events

Classes unloaded (0 events):
No events

Classes redefined (0 events):
No events

Internal exceptions (0 events):
No events

VM Operations (0 events):
No events

Memory protections (0 events):
No events

Nmethod flushes (0 events):
No events

Events (0 events):
No events


Dynamic libraries:
0x00007ff61a680000 - 0x00007ff61a68e000 	C:\Users\semicolon\.jdks\openjdk-24.0.1\bin\java.exe
0x00007ff959f70000 - 0x00007ff95a168000 	C:\WINDOWS\SYSTEM32\ntdll.dll
0x00007ff959ca0000 - 0x00007ff959d62000 	C:\WINDOWS\System32\KERNEL32.DLL
0x00007ff957c90000 - 0x00007ff957f87000 	C:\WINDOWS\System32\KERNELBASE.dll
0x00007ff957700000 - 0x00007ff957800000 	C:\WINDOWS\System32\ucrtbase.dll
0x00007ff9521c0000 - 0x00007ff9521d6000 	C:\Users\semicolon\.jdks\openjdk-24.0.1\bin\jli.dll
0x00007ff950fc0000 - 0x00007ff950fdb000 	C:\Users\semicolon\.jdks\openjdk-24.0.1\bin\VCRUNTIME140.dll
0x00007ff959680000 - 0x00007ff95981d000 	C:\WINDOWS\System32\USER32.dll
0x00007ff9576d0000 - 0x00007ff9576f2000 	C:\WINDOWS\System32\win32u.dll
0x00007ff959dd0000 - 0x00007ff959dfb000 	C:\WINDOWS\System32\GDI32.dll
0x00007ff943630000 - 0x00007ff9438ca000 	C:\WINDOWS\WinSxS\amd64_microsoft.windows.common-controls_6595b64144ccf1df_6.0.19041.5915_none_60b4b9d171f9c7c7\COMCTL32.dll
0x00007ff958bf0000 - 0x00007ff958c8e000 	C:\WINDOWS\System32\msvcrt.dll
0x00007ff957aa0000 - 0x00007ff957bb9000 	C:\WINDOWS\System32\gdi32full.dll
0x00007ff957bc0000 - 0x00007ff957c5d000 	C:\WINDOWS\System32\msvcp_win.dll
0x00007ff958160000 - 0x00007ff95818f000 	C:\WINDOWS\System32\IMM32.DLL
0x00007ff9521b0000 - 0x00007ff9521bc000 	C:\Users\semicolon\.jdks\openjdk-24.0.1\bin\vcruntime140_1.dll
0x00007ff93a3d0000 - 0x00007ff93a45e000 	C:\Users\semicolon\.jdks\openjdk-24.0.1\bin\msvcp140.dll
0x00007ff8ee580000 - 0x00007ff8ef322000 	C:\Users\semicolon\.jdks\openjdk-24.0.1\bin\server\jvm.dll
0x00007ff959a90000 - 0x00007ff959b41000 	C:\WINDOWS\System32\ADVAPI32.dll
0x00007ff9580c0000 - 0x00007ff95815f000 	C:\WINDOWS\System32\sechost.dll
0x00007ff957f90000 - 0x00007ff9580b6000 	C:\WINDOWS\System32\RPCRT4.dll
0x00007ff957c60000 - 0x00007ff957c87000 	C:\WINDOWS\System32\bcrypt.dll
0x00007ff959820000 - 0x00007ff95988b000 	C:\WINDOWS\System32\WS2_32.dll
0x00007ff957460000 - 0x00007ff9574ab000 	C:\WINDOWS\SYSTEM32\POWRPROF.dll
0x00007ff943530000 - 0x00007ff943557000 	C:\WINDOWS\SYSTEM32\WINMM.dll
0x00007ff94ee80000 - 0x00007ff94ee8a000 	C:\WINDOWS\SYSTEM32\VERSION.dll
0x00007ff957440000 - 0x00007ff957452000 	C:\WINDOWS\SYSTEM32\UMPDC.dll
0x00007ff955de0000 - 0x00007ff955df2000 	C:\WINDOWS\SYSTEM32\kernel.appcore.dll
0x00007ff951050000 - 0x00007ff95105a000 	C:\Users\semicolon\.jdks\openjdk-24.0.1\bin\jimage.dll
0x00007ff955300000 - 0x00007ff955501000 	C:\WINDOWS\SYSTEM32\DBGHELP.DLL
0x00007ff9401e0000 - 0x00007ff940214000 	C:\WINDOWS\SYSTEM32\dbgcore.DLL
0x00007ff957a10000 - 0x00007ff957a92000 	C:\WINDOWS\System32\bcryptPrimitives.dll
0x00007ff950b90000 - 0x00007ff950bae000 	C:\Users\semicolon\.jdks\openjdk-24.0.1\bin\java.dll
0x00007ff959e00000 - 0x00007ff959f2b000 	C:\WINDOWS\System32\ole32.dll
0x00007ff958c90000 - 0x00007ff958fe3000 	C:\WINDOWS\System32\combase.dll
0x00007ff958190000 - 0x00007ff9588fe000 	C:\WINDOWS\System32\SHELL32.dll

JVMTI agents: none

dbghelp: loaded successfully - version: 4.0.5 - missing functions: none
symbol engine: initialized successfully - sym options: 0x614 - pdb path: .;C:\Users\semicolon\.jdks\openjdk-24.0.1\bin;C:\WINDOWS\SYSTEM32;C:\WINDOWS\WinSxS\amd64_microsoft.windows.common-controls_6595b64144ccf1df_6.0.19041.5915_none_60b4b9d171f9c7c7;C:\Users\semicolon\.jdks\openjdk-24.0.1\bin\server

VM Arguments:
jvm_args: -Dnet.bytebuddy.agent.attacher.dump= 
java_command: net.bytebuddy.agent.Attacher com.sun.tools.attach.VirtualMachine 2448 C:\Users\semicolon\.m2\repository\net\bytebuddy\byte-buddy-agent\1.17.6\byte-buddy-agent-1.17.6.jar false 
java_class_path (initial): C:\Users\semicolon\.m2\repository\net\bytebuddy\byte-buddy-agent\1.17.6\byte-buddy-agent-1.17.6.jar
Launcher Type: SUN_STANDARD

[Global flags]
     intx CICompilerCount                          = 3                                         {product} {ergonomic}
     uint ConcGCThreads                            = 1                                         {product} {ergonomic}
     uint G1ConcRefinementThreads                  = 4                                         {product} {ergonomic}
   size_t G1HeapRegionSize                         = 2097152                                   {product} {ergonomic}
   size_t InitialHeapSize                          = 268435456                                 {product} {ergonomic}
   size_t MarkStackSize                            = 4194304                                   {product} {ergonomic}
   size_t MarkStackSizeMax                         = 536870912                                 {product} {ergonomic}
   size_t MaxHeapSize                              = 4265607168                                {product} {ergonomic}
   size_t MinHeapDeltaBytes                        = 2097152                                   {product} {ergonomic}
   size_t MinHeapSize                              = 8388608                                   {product} {ergonomic}
    uintx NonNMethodCodeHeapSize                   = 5832704                                {pd product} {ergonomic}
    uintx NonProfiledCodeHeapSize                  = 122945536                              {pd product} {ergonomic}
    uintx ProfiledCodeHeapSize                     = 122880000                              {pd product} {ergonomic}
    uintx ReservedCodeCacheSize                    = 251658240                              {pd product} {ergonomic}
     bool SegmentedCodeCache                       = true                                      {product} {ergonomic}
   size_t SoftMaxHeapSize                          = 4265607168                             {manageable} {ergonomic}
     bool UseCompressedOops                        = true                           {product lp64_product} {ergonomic}
     bool UseG1GC                                  = true                                      {product} {ergonomic}
     bool UseLargePagesIndividualAllocation        = false                                  {pd product} {ergonomic}

Logging:
Log output configuration:
 #0: stdout all=warning uptime,level,tags foldmultilines=false
 #1: stderr all=off uptime,level,tags foldmultilines=false

Environment Variables:
JAVA_HOME=C:\Program Files\java\jdk-21.0.1
PATH=C:\Program Files\Scripts\;C:\Program Files\;C:\WINDOWS\system32;C:\WINDOWS;C:\WINDOWS\System32\Wbem;C:\WINDOWS\System32\WindowsPowerShell\v1.0\;C:\WINDOWS\System32\OpenSSH\;C:\Program Files\java\jdk-21.0.1\bin;C:\Program Files\VideoLAN\VLC;C:\Python311;C:\Program Files\nodejs\;C:\Program Files\Docker\Docker\resources\bin;C:\apache-maven-3.9.6\bin;C:\sui\sui-testnet-v1.25.0-windows-x86_64;C:\Program Files\Git\cmd;C:\Users\semicolon\AppData\Roaming\Python\Python312\Scripts;;C:\ProgramData\chocolatey\bin;C:\Program Files\LLVM\bin;C:\Program Files (x86)\LLVM\bin;C:\Program Files\CMake\bin;C:\Program Files\Go\bin;C:\Program Files\MySQL\MySQL Shell 8.4\bin\;C:\Users\semicolon\scoop\shims;C:\Users\semicolon\.cargo\bin;C:\Users\semicolon\AppData\Local\Microsoft\WindowsApps;;C:\Program Files\JetBrains\IntelliJ IDEA 2023.2.1\bin;;C:\Users\semicolon\AppData\Local\Programs\Microsoft VS Code\bin;C:\Users\semicolon\AppData\Local\Microsoft\WinGet\Packages\jqlang.jq_Microsoft.Winget.Source_8wekyb3d8bbwe;C:\Program Files\JetBrains\GoLand 2023.2.5\bin;;C:\Users\semicolon\AppData\Roaming\npm;C:\Program Files\JetBrains\WebStorm 2024.3.5\bin;;C:\Program Files\heroku\bin;C:\Users\semicolon\go\bin
USERNAME=semicolon
OS=Windows_NT
PROCESSOR_IDENTIFIER=Intel64 Family 6 Model 78 Stepping 3, GenuineIntel
TMP=C:\Users\SEMICO~1\AppData\Local\Temp
TEMP=C:\Users\SEMICO~1\AppData\Local\Temp




Periodic native trim disabled

---------------  S Y S T E M  ---------------

OS:
 Windows 10 , 64 bit Build 19041 (10.0.19041.5915)
OS uptime: 7 days 3:50 hours
Hyper-V role detected

CPU: total 4 (initial active 4) (2 cores per cpu, 2 threads per core) family 6 model 78 stepping 3 microcode 0xec, cx8, cmov, fxsr, ht, mmx, 3dnowpref, sse, sse2, sse3, ssse3, sse4.1, sse4.2, popcnt, lzcnt, tsc, tscinvbit, avx, avx2, aes, erms, clmul, bmi1, bmi2, rtm, adx, fma, vzeroupper, clflush, clflushopt, hv, rdtscp, f16c
Processor Information for the first 4 processors :
  Max Mhz: 2801, Current Mhz: 2801, Mhz Limit: 2801

Memory: 4k page, system-wide physical 16267M (1013M free)
TotalPageFile size 24737M (AvailPageFile size 41M)
current process WorkingSet (physical memory assigned to process): 11M, peak: 11M
current process commit charge ("private bytes"): 52M, peak: 308M

vm_info: OpenJDK 64-Bit Server VM (24.0.1+9-30) for windows-amd64 JRE (24.0.1+9-30), built on 2025-03-05T07:23:45Z with MS VC++ 17.6 (VS2022)

END.
